Install the project...
-- Install configuration: "RELEASE"
-- Installing: /usr/local/share/OpenCV/licenses/ippicv-readme.htm
-- Installing: /usr/local/share/OpenCV/licenses/ippicv-ippEULA.txt
-- Installing: /usr/local/share/OpenCV/licenses/ippiw-EULA.txt
-- Installing: /usr/local/share/OpenCV/licenses/ippiw-redist.txt
-- Installing: /usr/local/share/OpenCV/licenses/ippiw-support.txt
-- Installing: /usr/local/share/OpenCV/licenses/ippiw-third-party-programs.txt
-- Installing: /usr/local/share/OpenCV/licenses/opencl-headers-LICENSE.txt
-- Installing: /usr/local/include/opencv2/cvconfig.h
-- Installing: /usr/local/include/opencv2/opencv_modules.hpp
-- Installing: /usr/local/lib/pkgconfig/opencv.pc
-- Installing: /usr/local/share/OpenCV/OpenCVModules.cmake
-- Installing: /usr/local/share/OpenCV/OpenCVModules-release.cmake
-- Installing: /usr/local/share/OpenCV/OpenCVConfig-version.cmake
-- Installing: /usr/local/share/OpenCV/OpenCVConfig.cmake
-- Installing: /usr/local/share/OpenCV/valgrind.supp
-- Installing: /usr/local/share/OpenCV/valgrind_3rdparty.supp
-- Installing: /usr/local/share/OpenCV/licenses/jasper-LICENSE
-- Installing: /usr/local/share/OpenCV/licenses/jasper-README
-- Installing: /usr/local/share/OpenCV/licenses/jasper-copyright
-- Installing: /usr/local/share/OpenCV/licenses/openexr-LICENSE
-- Installing: /usr/local/share/OpenCV/licenses/openexr-AUTHORS.ilmbase
-- Installing: /usr/local/share/OpenCV/licenses/openexr-AUTHORS.openexr
-- Installing: /usr/local/share/OpenCV/licenses/openexr-fix_msvc2013_errors.patch
-- Installing: /usr/local/share/OpenCV/licenses/protobuf-LICENSE
-- Installing: /usr/local/share/OpenCV/licenses/protobuf-README.md
-- Installing: /usr/local/share/OpenCV/licenses/ittnotify-LICENSE.BSD
-- Installing: /usr/local/share/OpenCV/licenses/ittnotify-LICENSE.GPL
-- Installing: /usr/local/include/opencv/cxcore.h
-- Installing: /usr/local/include/opencv/cxcore.hpp
-- Installing: /usr/local/include/opencv/cv.h
-- Installing: /usr/local/include/opencv/cxeigen.hpp
-- Installing: /usr/local/include/opencv/cxmisc.h
-- Installing: /usr/local/include/opencv/cvaux.h
-- Installing: /usr/local/include/opencv/cvwimage.h
-- Installing: /usr/local/include/opencv/ml.h
-- Installing: /usr/local/include/opencv/cvaux.hpp
-- Installing: /usr/local/include/opencv/cv.hpp
-- Installing: /usr/local/include/opencv/highgui.h
-- Installing: /usr/local/include/opencv2/opencv.hpp
-- Installing: /usr/local/lib/libopencv_core.so.3.4.2
-- Installing: /usr/local/lib/libopencv_core.so.3.4
-- Set runtime path of "/usr/local/lib/libopencv_core.so.3.4.2" to "/usr/local/lib:/home/sgx/software/anaconda2/lib"
-- Installing: /usr/local/lib/libopencv_core.so
-- Installing: /usr/local/include/opencv2/core/opencl/runtime/opencl_svm_20.hpp
-- Installing: /usr/local/include/opencv2/core/opencl/runtime/opencl_core.hpp
-- Installing: /usr/local/include/opencv2/core/opencl/runtime/opencl_gl_wrappers.hpp
-- Installing: /usr/local/include/opencv2/core/opencl/runtime/opencl_svm_hsa_extension.hpp
-- Installing: /usr/local/include/opencv2/core/opencl/runtime/autogenerated/opencl_core.hpp
-- Installing: /usr/local/include/opencv2/core/opencl/runtime/autogenerated/opencl_gl_wrappers.hpp
-- Installing: /usr/local/include/opencv2/core/opencl/runtime/autogenerated/opencl_gl.hpp
-- Installing: /usr/local/include/opencv2/core/opencl/runtime/autogenerated/opencl_clamdfft.hpp
-- Installing: /usr/local/include/opencv2/core/opencl/runtime/autogenerated/opencl_core_wrappers.hpp
-- Installing: /usr/local/include/opencv2/core/opencl/runtime/autogenerated/opencl_clamdblas.hpp
-- Installing: /usr/local/include/opencv2/core/opencl/runtime/opencl_svm_definitions.hpp
-- Installing: /usr/local/include/opencv2/core/opencl/runtime/opencl_gl.hpp
-- Installing: /usr/local/include/opencv2/core/opencl/runtime/opencl_clamdfft.hpp
-- Installing: /usr/local/include/opencv2/core/opencl/runtime/opencl_core_wrappers.hpp
-- Installing: /usr/local/include/opencv2/core/opencl/runtime/opencl_clamdblas.hpp
-- Installing: /usr/local/include/opencv2/core/opencl/opencl_svm.hpp
-- Installing: /usr/local/include/opencv2/core/opencl/opencl_info.hpp
-- Installing: /usr/local/include/opencv2/core/opencl/ocl_defs.hpp
-- Installing: /usr/local/include/opencv2/core/cuda/saturate_cast.hpp
-- Installing: /usr/local/include/opencv2/core/cuda/utility.hpp
-- Installing: /usr/local/include/opencv2/core/cuda/type_traits.hpp
-- Installing: /usr/local/include/opencv2/core/cuda/scan.hpp
-- Installing: /usr/local/include/opencv2/core/cuda/warp_shuffle.hpp
-- Installing: /usr/local/include/opencv2/core/cuda/functional.hpp
-- Installing: /usr/local/include/opencv2/core/cuda/border_interpolate.hpp
-- Installing: /usr/local/include/opencv2/core/cuda/simd_functions.hpp
-- Installing: /usr/local/include/opencv2/core/cuda/vec_distance.hpp
-- Installing: /usr/local/include/opencv2/core/cuda/color.hpp
-- Installing: /usr/local/include/opencv2/core/cuda/filters.hpp
-- Installing: /usr/local/include/opencv2/core/cuda/dynamic_smem.hpp
-- Installing: /usr/local/include/opencv2/core/cuda/vec_math.hpp
-- Installing: /usr/local/include/opencv2/core/cuda/datamov_utils.hpp
-- Installing: /usr/local/include/opencv2/core/cuda/common.hpp
-- Installing: /usr/local/include/opencv2/core/cuda/emulation.hpp
-- Installing: /usr/local/include/opencv2/core/cuda/warp_reduce.hpp
-- Installing: /usr/local/include/opencv2/core/cuda/transform.hpp
-- Installing: /usr/local/include/opencv2/core/cuda/warp.hpp
-- Installing: /usr/local/include/opencv2/core/cuda/limits.hpp
-- Installing: /usr/local/include/opencv2/core/cuda/block.hpp
-- Installing: /usr/local/include/opencv2/core/cuda/reduce.hpp
-- Installing: /usr/local/include/opencv2/core/cuda/funcattrib.hpp
-- Installing: /usr/local/include/opencv2/core/cuda/vec_traits.hpp
-- Installing: /usr/local/include/opencv2/core/cuda/detail/color_detail.hpp
-- Installing: /usr/local/include/opencv2/core/cuda/detail/reduce_key_val.hpp
-- Installing: /usr/local/include/opencv2/core/cuda/detail/transform_detail.hpp
-- Installing: /usr/local/include/opencv2/core/cuda/detail/vec_distance_detail.hpp
-- Installing: /usr/local/include/opencv2/core/cuda/detail/type_traits_detail.hpp
-- Installing: /usr/local/include/opencv2/core/cuda/detail/reduce.hpp
-- Installing: /usr/local/include/opencv2/core.hpp
-- Installing: /usr/local/include/opencv2/core/cuda_types.hpp
-- Installing: /usr/local/include/opencv2/core/types.hpp
-- Installing: /usr/local/include/opencv2/core/utility.hpp
-- Installing: /usr/local/include/opencv2/core/version.hpp
-- Installing: /usr/local/include/opencv2/core/traits.hpp
-- Installing: /usr/local/include/opencv2/core/cuda.hpp
-- Installing: /usr/local/include/opencv2/core/opengl.hpp
-- Installing: /usr/local/include/opencv2/core/fast_math.hpp
-- Installing: /usr/local/include/opencv2/core/base.hpp
-- Installing: /usr/local/include/opencv2/core/neon_utils.hpp
-- Installing: /usr/local/include/opencv2/core/saturate.hpp
-- Installing: /usr/local/include/opencv2/core/operations.hpp
-- Installing: /usr/local/include/opencv2/core/ptr.inl.hpp
-- Installing: /usr/local/include/opencv2/core/ovx.hpp
-- Installing: /usr/local/include/opencv2/core/ocl_genbase.hpp
-- Installing: /usr/local/include/opencv2/core/mat.inl.hpp
-- Installing: /usr/local/include/opencv2/core/vsx_utils.hpp
-- Installing: /usr/local/include/opencv2/core/directx.hpp
-- Installing: /usr/local/include/opencv2/core/ippasync.hpp
-- Installing: /usr/local/include/opencv2/core/cvstd.hpp
-- Installing: /usr/local/include/opencv2/core/cuda_stream_accessor.hpp
-- Installing: /usr/local/include/opencv2/core/affine.hpp
-- Installing: /usr/local/include/opencv2/core/optim.hpp
-- Installing: /usr/local/include/opencv2/core/va_intel.hpp
-- Installing: /usr/local/include/opencv2/core/matx.hpp
-- Installing: /usr/local/include/opencv2/core/mat.hpp
-- Installing: /usr/local/include/opencv2/core/core.hpp
-- Installing: /usr/local/include/opencv2/core/eigen.hpp
-- Installing: /usr/local/include/opencv2/core/softfloat.hpp
-- Installing: /usr/local/include/opencv2/core/wimage.hpp
-- Installing: /usr/local/include/opencv2/core/persistence.hpp
-- Installing: /usr/local/include/opencv2/core/sse_utils.hpp
-- Installing: /usr/local/include/opencv2/core/ocl.hpp
-- Installing: /usr/local/include/opencv2/core/cuda.inl.hpp
-- Installing: /usr/local/include/opencv2/core/cvstd.inl.hpp
-- Installing: /usr/local/include/opencv2/core/check.hpp
-- Installing: /usr/local/include/opencv2/core/bufferpool.hpp
-- Installing: /usr/local/include/opencv2/core/cv_cpu_dispatch.h
-- Installing: /usr/local/include/opencv2/core/cv_cpu_helper.h
-- Installing: /usr/local/include/opencv2/core/core_c.h
-- Installing: /usr/local/include/opencv2/core/cvdef.h
-- Installing: /usr/local/include/opencv2/core/types_c.h
-- Installing: /usr/local/include/opencv2/core/hal/hal.hpp
-- Installing: /usr/local/include/opencv2/core/hal/intrin_cpp.hpp
-- Installing: /usr/local/include/opencv2/core/hal/intrin_sse.hpp
-- Installing: /usr/local/include/opencv2/core/hal/intrin_neon.hpp
-- Installing: /usr/local/include/opencv2/core/hal/intrin_vsx.hpp
-- Installing: /usr/local/include/opencv2/core/hal/intrin_avx.hpp
-- Installing: /usr/local/include/opencv2/core/hal/intrin.hpp
-- Installing: /usr/local/include/opencv2/core/hal/interface.h
-- Installing: /usr/local/include/opencv2/core/utils/logger.defines.hpp
-- Installing: /usr/local/include/opencv2/core/utils/trace.hpp
-- Installing: /usr/local/include/opencv2/core/utils/filesystem.hpp
-- Installing: /usr/local/include/opencv2/core/utils/logger.hpp
-- Installing: /usr/local/share/OpenCV/licenses/SoftFloat-COPYING.txt
-- Installing: /usr/local/lib/libopencv_flann.so.3.4.2
-- Installing: /usr/local/lib/libopencv_flann.so.3.4
-- Set runtime path of "/usr/local/lib/libopencv_flann.so.3.4.2" to "/usr/local/lib"
-- Installing: /usr/local/lib/libopencv_flann.so
-- Installing: /usr/local/include/opencv2/flann.hpp
-- Installing: /usr/local/include/opencv2/flann/miniflann.hpp
-- Installing: /usr/local/include/opencv2/flann/flann.hpp
-- Installing: /usr/local/include/opencv2/flann/flann_base.hpp
-- Installing: /usr/local/include/opencv2/flann/matrix.h
-- Installing: /usr/local/include/opencv2/flann/heap.h
-- Installing: /usr/local/include/opencv2/flann/linear_index.h
-- Installing: /usr/local/include/opencv2/flann/dynamic_bitset.h
-- Installing: /usr/local/include/opencv2/flann/lsh_table.h
-- Installing: /usr/local/include/opencv2/flann/all_indices.h
-- Installing: /usr/local/include/opencv2/flann/dist.h
-- Installing: /usr/local/include/opencv2/flann/params.h
-- Installing: /usr/local/include/opencv2/flann/dummy.h
-- Installing: /usr/local/include/opencv2/flann/object_factory.h
-- Installing: /usr/local/include/opencv2/flann/composite_index.h
-- Installing: /usr/local/include/opencv2/flann/ground_truth.h
-- Installing: /usr/local/include/opencv2/flann/kdtree_single_index.h
-- Installing: /usr/local/include/opencv2/flann/defines.h
-- Installing: /usr/local/include/opencv2/flann/logger.h
-- Installing: /usr/local/include/opencv2/flann/nn_index.h
-- Installing: /usr/local/include/opencv2/flann/lsh_index.h
-- Installing: /usr/local/include/opencv2/flann/simplex_downhill.h
-- Installing: /usr/local/include/opencv2/flann/hierarchical_clustering_index.h
-- Installing: /usr/local/include/opencv2/flann/timer.h
-- Installing: /usr/local/include/opencv2/flann/any.h
-- Installing: /usr/local/include/opencv2/flann/hdf5.h
-- Installing: /usr/local/include/opencv2/flann/sampling.h
-- Installing: /usr/local/include/opencv2/flann/autotuned_index.h
-- Installing: /usr/local/include/opencv2/flann/random.h
-- Installing: /usr/local/include/opencv2/flann/saving.h
-- Installing: /usr/local/include/opencv2/flann/kdtree_index.h
-- Installing: /usr/local/include/opencv2/flann/result_set.h
-- Installing: /usr/local/include/opencv2/flann/index_testing.h
-- Installing: /usr/local/include/opencv2/flann/config.h
-- Installing: /usr/local/include/opencv2/flann/kmeans_index.h
-- Installing: /usr/local/include/opencv2/flann/allocator.h
-- Installing: /usr/local/include/opencv2/flann/general.h
-- Installing: /usr/local/lib/libopencv_hdf.so.3.4.2
-- Installing: /usr/local/lib/libopencv_hdf.so.3.4
-- Set runtime path of "/usr/local/lib/libopencv_hdf.so.3.4.2" to "/usr/local/lib:/home/sgx/software/anaconda2/lib"
-- Installing: /usr/local/lib/libopencv_hdf.so
-- Installing: /usr/local/include/opencv2/hdf.hpp
-- Installing: /usr/local/include/opencv2/hdf/hdf5.hpp
-- Installing: /usr/local/share/OpenCV/samples/hdf/create_read_write_datasets.cpp
-- Installing: /usr/local/share/OpenCV/samples/hdf/read_write_attributes.cpp
-- Installing: /usr/local/share/OpenCV/samples/hdf/create_groups.cpp
-- Up-to-date: /usr/local/share/OpenCV/samples/hdf
-- Installing: /usr/local/lib/libopencv_imgproc.so.3.4.2
-- Installing: /usr/local/lib/libopencv_imgproc.so.3.4
-- Set runtime path of "/usr/local/lib/libopencv_imgproc.so.3.4.2" to "/usr/local/lib"
-- Installing: /usr/local/lib/libopencv_imgproc.so
-- Installing: /usr/local/include/opencv2/imgproc.hpp
-- Installing: /usr/local/include/opencv2/imgproc/imgproc.hpp
-- Installing: /usr/local/include/opencv2/imgproc/imgproc_c.h
-- Installing: /usr/local/include/opencv2/imgproc/types_c.h
-- Installing: /usr/local/include/opencv2/imgproc/hal/hal.hpp
-- Installing: /usr/local/include/opencv2/imgproc/hal/interface.h
-- Installing: /usr/local/include/opencv2/imgproc/detail/distortion_model.hpp
-- Installing: /usr/local/lib/libopencv_ml.so.3.4.2
-- Installing: /usr/local/lib/libopencv_ml.so.3.4
-- Set runtime path of "/usr/local/lib/libopencv_ml.so.3.4.2" to "/usr/local/lib"
-- Installing: /usr/local/lib/libopencv_ml.so
-- Installing: /usr/local/include/opencv2/ml.hpp
-- Installing: /usr/local/include/opencv2/ml/ml.inl.hpp
-- Installing: /usr/local/include/opencv2/ml/ml.hpp
-- Installing: /usr/local/lib/libopencv_objdetect.so.3.4.2
-- Installing: /usr/local/lib/libopencv_objdetect.so.3.4
-- Set runtime path of "/usr/local/lib/libopencv_objdetect.so.3.4.2" to "/usr/local/lib"
-- Installing: /usr/local/lib/libopencv_objdetect.so
-- Installing: /usr/local/include/opencv2/objdetect.hpp
-- Installing: /usr/local/include/opencv2/objdetect/objdetect.hpp
-- Installing: /usr/local/include/opencv2/objdetect/detection_based_tracker.hpp
-- Installing: /usr/local/include/opencv2/objdetect/objdetect_c.h
-- Installing: /usr/local/lib/libopencv_phase_unwrapping.so.3.4.2
-- Installing: /usr/local/lib/libopencv_phase_unwrapping.so.3.4
-- Set runtime path of "/usr/local/lib/libopencv_phase_unwrapping.so.3.4.2" to "/usr/local/lib"
-- Installing: /usr/local/lib/libopencv_phase_unwrapping.so
-- Installing: /usr/local/include/opencv2/phase_unwrapping.hpp
-- Installing: /usr/local/include/opencv2/phase_unwrapping/phase_unwrapping.hpp
-- Installing: /usr/local/include/opencv2/phase_unwrapping/histogramphaseunwrapping.hpp
-- Installing: /usr/local/share/OpenCV/samples/phase_unwrapping/unwrap.cpp
-- Up-to-date: /usr/local/share/OpenCV/samples/phase_unwrapping
-- Installing: /usr/local/lib/libopencv_photo.so.3.4.2
-- Installing: /usr/local/lib/libopencv_photo.so.3.4
-- Set runtime path of "/usr/local/lib/libopencv_photo.so.3.4.2" to "/usr/local/lib"
-- Installing: /usr/local/lib/libopencv_photo.so
-- Installing: /usr/local/include/opencv2/photo.hpp
-- Installing: /usr/local/include/opencv2/photo/cuda.hpp
-- Installing: /usr/local/include/opencv2/photo/photo.hpp
-- Installing: /usr/local/include/opencv2/photo/photo_c.h
-- Installing: /usr/local/lib/libopencv_plot.so.3.4.2
-- Installing: /usr/local/lib/libopencv_plot.so.3.4
-- Set runtime path of "/usr/local/lib/libopencv_plot.so.3.4.2" to "/usr/local/lib"
-- Installing: /usr/local/lib/libopencv_plot.so
-- Installing: /usr/local/include/opencv2/plot.hpp
-- Installing: /usr/local/share/OpenCV/samples/plot/plot_demo.cpp
-- Up-to-date: /usr/local/share/OpenCV/samples/plot
-- Installing: /usr/local/lib/libopencv_reg.so.3.4.2
-- Installing: /usr/local/lib/libopencv_reg.so.3.4
-- Set runtime path of "/usr/local/lib/libopencv_reg.so.3.4.2" to "/usr/local/lib"
-- Installing: /usr/local/lib/libopencv_reg.so
-- Installing: /usr/local/include/opencv2/reg/mapaffine.hpp
-- Installing: /usr/local/include/opencv2/reg/mappergradaffine.hpp
-- Installing: /usr/local/include/opencv2/reg/map.hpp
-- Installing: /usr/local/include/opencv2/reg/mappergradproj.hpp
-- Installing: /usr/local/include/opencv2/reg/mapprojec.hpp
-- Installing: /usr/local/include/opencv2/reg/mapshift.hpp
-- Installing: /usr/local/include/opencv2/reg/mappergradsimilar.hpp
-- Installing: /usr/local/include/opencv2/reg/mapperpyramid.hpp
-- Installing: /usr/local/include/opencv2/reg/mappergradshift.hpp
-- Installing: /usr/local/include/opencv2/reg/mapper.hpp
-- Installing: /usr/local/include/opencv2/reg/mappergradeuclid.hpp
-- Installing: /usr/local/share/OpenCV/samples/reg/LR_05.png
-- Installing: /usr/local/share/OpenCV/samples/reg/reg_shift.py
-- Installing: /usr/local/share/OpenCV/samples/reg/LR_06.png
-- Installing: /usr/local/share/OpenCV/samples/reg/home.png
-- Installing: /usr/local/share/OpenCV/samples/reg/CMakeLists.txt
-- Installing: /usr/local/share/OpenCV/samples/reg/map_test.cpp
-- Up-to-date: /usr/local/share/OpenCV/samples/reg
-- Installing: /usr/local/lib/libopencv_surface_matching.so.3.4.2
-- Installing: /usr/local/lib/libopencv_surface_matching.so.3.4
-- Set runtime path of "/usr/local/lib/libopencv_surface_matching.so.3.4.2" to "/usr/local/lib"
-- Installing: /usr/local/lib/libopencv_surface_matching.so
-- Installing: /usr/local/include/opencv2/surface_matching.hpp
-- Installing: /usr/local/include/opencv2/surface_matching/pose_3d.hpp
-- Installing: /usr/local/include/opencv2/surface_matching/t_hash_int.hpp
-- Installing: /usr/local/include/opencv2/surface_matching/ppf_helpers.hpp
-- Installing: /usr/local/include/opencv2/surface_matching/icp.hpp
-- Installing: /usr/local/include/opencv2/surface_matching/ppf_match_3d.hpp
-- Installing: /usr/local/share/OpenCV/samples/surface_matching/ppf_icp.py
-- Installing: /usr/local/share/OpenCV/samples/surface_matching/ppf_normal_computation.cpp
-- Installing: /usr/local/share/OpenCV/samples/surface_matching/ppf_load_match.cpp
-- Installing: /usr/local/share/OpenCV/samples/surface_matching/data
-- Installing: /usr/local/share/OpenCV/samples/surface_matching/data/parasaurolophus_6700.ply
-- Installing: /usr/local/share/OpenCV/samples/surface_matching/data/rs22_proc2.ply
-- Installing: /usr/local/share/OpenCV/samples/surface_matching/data/rs1_normals.ply
-- Installing: /usr/local/share/OpenCV/samples/surface_matching/data/parasaurolophus_low_normals2.ply
-- Installing: /usr/local/lib/libopencv_video.so.3.4.2
-- Installing: /usr/local/lib/libopencv_video.so.3.4
-- Set runtime path of "/usr/local/lib/libopencv_video.so.3.4.2" to "/usr/local/lib"
-- Installing: /usr/local/lib/libopencv_video.so
-- Installing: /usr/local/include/opencv2/video.hpp
-- Installing: /usr/local/include/opencv2/video/background_segm.hpp
-- Installing: /usr/local/include/opencv2/video/tracking.hpp
-- Installing: /usr/local/include/opencv2/video/video.hpp
-- Installing: /usr/local/include/opencv2/video/tracking_c.h
-- Installing: /usr/local/lib/libopencv_xphoto.so.3.4.2
-- Installing: /usr/local/lib/libopencv_xphoto.so.3.4
-- Set runtime path of "/usr/local/lib/libopencv_xphoto.so.3.4.2" to "/usr/local/lib"
-- Installing: /usr/local/lib/libopencv_xphoto.so
-- Installing: /usr/local/include/opencv2/xphoto.hpp
-- Installing: /usr/local/include/opencv2/xphoto/dct_image_denoising.hpp
-- Installing: /usr/local/include/opencv2/xphoto/bm3d_image_denoising.hpp
-- Installing: /usr/local/include/opencv2/xphoto/white_balance.hpp
-- Installing: /usr/local/include/opencv2/xphoto/inpainting.hpp
-- Installing: /usr/local/share/OpenCV/samples/xphoto/color_balance.cpp
-- Installing: /usr/local/share/OpenCV/samples/xphoto/color_balance_benchmark.py
-- Installing: /usr/local/share/OpenCV/samples/xphoto/learn_color_balance.py
-- Installing: /usr/local/share/OpenCV/samples/xphoto/dct_image_denoising.cpp
-- Installing: /usr/local/share/OpenCV/samples/xphoto/inpainting.cpp
-- Installing: /usr/local/share/OpenCV/samples/xphoto/bm3d_image_denoising.cpp
-- Up-to-date: /usr/local/share/OpenCV/samples/xphoto
-- Installing: /usr/local/lib/libopencv_dnn.so.3.4.2
-- Installing: /usr/local/lib/libopencv_dnn.so.3.4
-- Set runtime path of "/usr/local/lib/libopencv_dnn.so.3.4.2" to "/usr/local/lib"
-- Installing: /usr/local/lib/libopencv_dnn.so
-- Installing: /usr/local/include/opencv2/dnn.hpp
-- Installing: /usr/local/include/opencv2/dnn/shape_utils.hpp
-- Installing: /usr/local/include/opencv2/dnn/dnn.hpp
-- Installing: /usr/local/include/opencv2/dnn/layer.details.hpp
-- Installing: /usr/local/include/opencv2/dnn/all_layers.hpp
-- Installing: /usr/local/include/opencv2/dnn/layer.hpp
-- Installing: /usr/local/include/opencv2/dnn/dict.hpp
-- Installing: /usr/local/include/opencv2/dnn/dnn.inl.hpp
-- Installing: /usr/local/lib/libopencv_face.so.3.4.2
-- Installing: /usr/local/lib/libopencv_face.so.3.4
-- Set runtime path of "/usr/local/lib/libopencv_face.so.3.4.2" to "/usr/local/lib"
-- Installing: /usr/local/lib/libopencv_face.so
-- Installing: /usr/local/include/opencv2/face.hpp
-- Installing: /usr/local/include/opencv2/face/face_alignment.hpp
-- Installing: /usr/local/include/opencv2/face/predict_collector.hpp
-- Installing: /usr/local/include/opencv2/face/facemark.hpp
-- Installing: /usr/local/include/opencv2/face/bif.hpp
-- Installing: /usr/local/include/opencv2/face/facemarkLBF.hpp
-- Installing: /usr/local/include/opencv2/face/facemarkAAM.hpp
-- Installing: /usr/local/include/opencv2/face/facemark_train.hpp
-- Installing: /usr/local/include/opencv2/face/facerec.hpp
-- Installing: /usr/local/include/opencv2/face/mace.hpp
-- Installing: /usr/local/share/OpenCV/samples/face/sample_config_file.xml
-- Installing: /usr/local/share/OpenCV/samples/face/facemark_lbf_fitting.cpp
-- Installing: /usr/local/share/OpenCV/samples/face/sample_train_landmark_detector2.cpp
-- Installing: /usr/local/share/OpenCV/samples/face/facerec_lbph.cpp
-- Installing: /usr/local/share/OpenCV/samples/face/facerec_fisherfaces.cpp
-- Installing: /usr/local/share/OpenCV/samples/face/facerec_video.cpp
-- Installing: /usr/local/share/OpenCV/samples/face/Facemark.java
-- Installing: /usr/local/share/OpenCV/samples/face/sampleDetectLandmarks.cpp
-- Installing: /usr/local/share/OpenCV/samples/face/sample_train_landmark_detector.cpp
-- Installing: /usr/local/share/OpenCV/samples/face/mace_webcam.cpp
-- Installing: /usr/local/share/OpenCV/samples/face/sample_face_swapping.cpp
-- Installing: /usr/local/share/OpenCV/samples/face/facerec_demo.cpp
-- Installing: /usr/local/share/OpenCV/samples/face/samplewriteconfigfile.cpp
-- Installing: /usr/local/share/OpenCV/samples/face/sampleDetectLandmarksvideo.cpp
-- Installing: /usr/local/share/OpenCV/samples/face/facemark_demo_aam.cpp
-- Installing: /usr/local/share/OpenCV/samples/face/facerec_eigenfaces.cpp
-- Installing: /usr/local/share/OpenCV/samples/face/CMakeLists.txt
-- Installing: /usr/local/share/OpenCV/samples/face/facemark_demo_lbf.cpp
-- Installing: /usr/local/share/OpenCV/samples/face/facerec_save_load.cpp
-- Installing: /usr/local/share/OpenCV/samples/face/etc
-- Installing: /usr/local/share/OpenCV/samples/face/etc/at.txt
-- Installing: /usr/local/share/OpenCV/samples/face/etc/crop_face.py
-- Installing: /usr/local/share/OpenCV/samples/face/etc/create_csv.py
-- Installing: /usr/local/lib/libopencv_freetype.so.3.4.2
-- Installing: /usr/local/lib/libopencv_freetype.so.3.4
-- Set runtime path of "/usr/local/lib/libopencv_freetype.so.3.4.2" to "/usr/local/lib"
-- Installing: /usr/local/lib/libopencv_freetype.so
-- Installing: /usr/local/include/opencv2/freetype.hpp
-- Installing: /usr/local/lib/libopencv_fuzzy.so.3.4.2
-- Installing: /usr/local/lib/libopencv_fuzzy.so.3.4
-- Set runtime path of "/usr/local/lib/libopencv_fuzzy.so.3.4.2" to "/usr/local/lib"
-- Installing: /usr/local/lib/libopencv_fuzzy.so
-- Installing: /usr/local/include/opencv2/fuzzy.hpp
-- Installing: /usr/local/include/opencv2/fuzzy/types.hpp
-- Installing: /usr/local/include/opencv2/fuzzy/fuzzy_image.hpp
-- Installing: /usr/local/include/opencv2/fuzzy/fuzzy_F0_math.hpp
-- Installing: /usr/local/include/opencv2/fuzzy/fuzzy_F1_math.hpp
-- Installing: /usr/local/share/OpenCV/samples/fuzzy/mask2.png
-- Installing: /usr/local/share/OpenCV/samples/fuzzy/fuzzy_filtering.cpp
-- Installing: /usr/local/share/OpenCV/samples/fuzzy/fuzzy_inpainting.cpp
-- Installing: /usr/local/share/OpenCV/samples/fuzzy/input.png
-- Installing: /usr/local/share/OpenCV/samples/fuzzy/mask1.png
-- Installing: /usr/local/share/OpenCV/samples/fuzzy/mask3.png
-- Up-to-date: /usr/local/share/OpenCV/samples/fuzzy
-- Installing: /usr/local/lib/libopencv_hfs.so.3.4.2
-- Installing: /usr/local/lib/libopencv_hfs.so.3.4
-- Set runtime path of "/usr/local/lib/libopencv_hfs.so.3.4.2" to "/usr/local/lib"
-- Installing: /usr/local/lib/libopencv_hfs.so
-- Installing: /usr/local/include/opencv2/hfs.hpp
-- Installing: /usr/local/share/OpenCV/samples/hfs/example.cpp
-- Installing: /usr/local/share/OpenCV/samples/hfs/CMakeLists.txt
-- Installing: /usr/local/share/OpenCV/samples/hfs/data
-- Installing: /usr/local/share/OpenCV/samples/hfs/data/002.jpg
-- Installing: /usr/local/share/OpenCV/samples/hfs/data/001.jpg
-- Installing: /usr/local/share/OpenCV/samples/hfs/data/000.jpg
-- Installing: /usr/local/lib/libopencv_img_hash.so.3.4.2
-- Installing: /usr/local/lib/libopencv_img_hash.so.3.4
-- Set runtime path of "/usr/local/lib/libopencv_img_hash.so.3.4.2" to "/usr/local/lib"
-- Installing: /usr/local/lib/libopencv_img_hash.so
-- Installing: /usr/local/include/opencv2/img_hash.hpp
-- Installing: /usr/local/include/opencv2/img_hash/phash.hpp
-- Installing: /usr/local/include/opencv2/img_hash/img_hash_base.hpp
-- Installing: /usr/local/include/opencv2/img_hash/color_moment_hash.hpp
-- Installing: /usr/local/include/opencv2/img_hash/average_hash.hpp
-- Installing: /usr/local/include/opencv2/img_hash/marr_hildreth_hash.hpp
-- Installing: /usr/local/include/opencv2/img_hash/block_mean_hash.hpp
-- Installing: /usr/local/include/opencv2/img_hash/radial_variance_hash.hpp
-- Installing: /usr/local/share/OpenCV/samples/img_hash/hash_samples.cpp
-- Up-to-date: /usr/local/share/OpenCV/samples/img_hash
-- Installing: /usr/local/lib/libopencv_imgcodecs.so.3.4.2
-- Installing: /usr/local/lib/libopencv_imgcodecs.so.3.4
-- Set runtime path of "/usr/local/lib/libopencv_imgcodecs.so.3.4.2" to "/usr/local/lib:/home/sgx/software/anaconda2/lib"
-- Installing: /usr/local/lib/libopencv_imgcodecs.so
-- Installing: /usr/local/include/opencv2/imgcodecs.hpp
-- Installing: /usr/local/include/opencv2/imgcodecs/imgcodecs.hpp
-- Installing: /usr/local/include/opencv2/imgcodecs/imgcodecs_c.h
-- Installing: /usr/local/include/opencv2/imgcodecs/ios.h
-- Installing: /usr/local/lib/libopencv_shape.so.3.4.2
-- Installing: /usr/local/lib/libopencv_shape.so.3.4
-- Set runtime path of "/usr/local/lib/libopencv_shape.so.3.4.2" to "/usr/local/lib"
-- Installing: /usr/local/lib/libopencv_shape.so
-- Installing: /usr/local/include/opencv2/shape.hpp
-- Installing: /usr/local/include/opencv2/shape/hist_cost.hpp
-- Installing: /usr/local/include/opencv2/shape/shape.hpp
-- Installing: /usr/local/include/opencv2/shape/emdL1.hpp
-- Installing: /usr/local/include/opencv2/shape/shape_transformer.hpp
-- Installing: /usr/local/include/opencv2/shape/shape_distance.hpp
-- Installing: /usr/local/lib/libopencv_videoio.so.3.4.2
-- Installing: /usr/local/lib/libopencv_videoio.so.3.4
-- Set runtime path of "/usr/local/lib/libopencv_videoio.so.3.4.2" to "/usr/local/lib"
-- Installing: /usr/local/lib/libopencv_videoio.so
-- Installing: /usr/local/include/opencv2/videoio.hpp
-- Installing: /usr/local/include/opencv2/videoio/videoio.hpp
-- Installing: /usr/local/include/opencv2/videoio/videoio_c.h
-- Installing: /usr/local/include/opencv2/videoio/cap_ios.h
-- Installing: /usr/local/lib/libopencv_xobjdetect.so.3.4.2
-- Installing: /usr/local/lib/libopencv_xobjdetect.so.3.4
-- Set runtime path of "/usr/local/lib/libopencv_xobjdetect.so.3.4.2" to "/usr/local/lib"
-- Installing: /usr/local/lib/libopencv_xobjdetect.so
-- Installing: /usr/local/include/opencv2/xobjdetect.hpp
-- Installing: /usr/local/bin/opencv_waldboost_detector
-- Set runtime path of "/usr/local/bin/opencv_waldboost_detector" to "/usr/local/lib:/home/sgx/software/anaconda2/lib"
-- Installing: /usr/local/lib/libopencv_highgui.so.3.4.2
-- Installing: /usr/local/lib/libopencv_highgui.so.3.4
-- Set runtime path of "/usr/local/lib/libopencv_highgui.so.3.4.2" to "/usr/local/lib:/home/sgx/software/anaconda2/lib"
-- Installing: /usr/local/lib/libopencv_highgui.so
-- Installing: /usr/local/include/opencv2/highgui.hpp
-- Installing: /usr/local/include/opencv2/highgui/highgui.hpp
-- Installing: /usr/local/include/opencv2/highgui/highgui_c.h
-- Installing: /usr/local/lib/libopencv_superres.so.3.4.2
-- Installing: /usr/local/lib/libopencv_superres.so.3.4
-- Set runtime path of "/usr/local/lib/libopencv_superres.so.3.4.2" to "/usr/local/lib"
-- Installing: /usr/local/lib/libopencv_superres.so
-- Installing: /usr/local/include/opencv2/superres.hpp
-- Installing: /usr/local/include/opencv2/superres/optical_flow.hpp
-- Installing: /usr/local/lib/libopencv_bioinspired.so.3.4.2
-- Installing: /usr/local/lib/libopencv_bioinspired.so.3.4
-- Set runtime path of "/usr/local/lib/libopencv_bioinspired.so.3.4.2" to "/usr/local/lib:/home/sgx/software/anaconda2/lib"
-- Installing: /usr/local/lib/libopencv_bioinspired.so
-- Installing: /usr/local/include/opencv2/bioinspired.hpp
-- Installing: /usr/local/include/opencv2/bioinspired/retina.hpp
-- Installing: /usr/local/include/opencv2/bioinspired/transientareassegmentationmodule.hpp
-- Installing: /usr/local/include/opencv2/bioinspired/bioinspired.hpp
-- Installing: /usr/local/include/opencv2/bioinspired/retinafasttonemapping.hpp
-- Installing: /usr/local/share/OpenCV/samples/bioinspired/retinaDemo.cpp
-- Installing: /usr/local/share/OpenCV/samples/bioinspired/OpenEXRimages_HDR_Retina_toneMapping.cpp
-- Installing: /usr/local/share/OpenCV/samples/bioinspired/ocl
-- Installing: /usr/local/share/OpenCV/samples/bioinspired/ocl/retina_ocl.cpp
-- Installing: /usr/local/share/OpenCV/samples/bioinspired/cpp
-- Installing: /usr/local/share/OpenCV/samples/bioinspired/cpp/retinaDemo.cpp
-- Installing: /usr/local/share/OpenCV/samples/bioinspired/cpp/OpenEXRimages_HDR_Retina_toneMapping.cpp
-- Installing: /usr/local/share/OpenCV/samples/bioinspired/cpp/OpenEXRimages_HDR_Retina_toneMapping_video.cpp
-- Installing: /usr/local/share/OpenCV/samples/bioinspired/cpp/tutorial_code
-- Installing: /usr/local/share/OpenCV/samples/bioinspired/cpp/tutorial_code/bioinspired
-- Installing: /usr/local/share/OpenCV/samples/bioinspired/cpp/tutorial_code/bioinspired/retina_tutorial.cpp
-- Installing: /usr/local/lib/libopencv_dnn_objdetect.so.3.4.2
-- Installing: /usr/local/lib/libopencv_dnn_objdetect.so.3.4
-- Set runtime path of "/usr/local/lib/libopencv_dnn_objdetect.so.3.4.2" to "/usr/local/lib:/home/sgx/software/anaconda2/lib"
-- Installing: /usr/local/lib/libopencv_dnn_objdetect.so
-- Installing: /usr/local/include/opencv2/core_detect.hpp
-- Installing: /usr/local/share/OpenCV/samples/dnn_objdetect/image_classification.cpp
-- Installing: /usr/local/share/OpenCV/samples/dnn_objdetect/obj_detect.cpp
-- Installing: /usr/local/share/OpenCV/samples/dnn_objdetect/data
-- Installing: /usr/local/share/OpenCV/samples/dnn_objdetect/data/SqueezeNet_train_test.prototxt
-- Installing: /usr/local/share/OpenCV/samples/dnn_objdetect/data/SqueezeDet_solver.prototxt
-- Installing: /usr/local/share/OpenCV/samples/dnn_objdetect/data/SqueezeDet_train_test.prototxt
-- Installing: /usr/local/share/OpenCV/samples/dnn_objdetect/data/README.md
-- Installing: /usr/local/share/OpenCV/samples/dnn_objdetect/data/SqueezeDet_deploy.prototxt
-- Installing: /usr/local/share/OpenCV/samples/dnn_objdetect/data/SqueezeNet_solver.prototxt
-- Installing: /usr/local/share/OpenCV/samples/dnn_objdetect/data/SqueezeNet_deploy.prototxt
-- Installing: /usr/local/lib/libopencv_dpm.so.3.4.2
-- Installing: /usr/local/lib/libopencv_dpm.so.3.4
-- Set runtime path of "/usr/local/lib/libopencv_dpm.so.3.4.2" to "/usr/local/lib:/home/sgx/software/anaconda2/lib"
-- Installing: /usr/local/lib/libopencv_dpm.so
-- Installing: /usr/local/include/opencv2/dpm.hpp
-- Installing: /usr/local/share/OpenCV/samples/dpm/cascade_detect_sequence.cpp
-- Installing: /usr/local/share/OpenCV/samples/dpm/cascade_detect_camera.cpp
-- Installing: /usr/local/share/OpenCV/samples/dpm/data
-- Installing: /usr/local/share/OpenCV/samples/dpm/data/inriaperson.xml
-- Installing: /usr/local/lib/libopencv_features2d.so.3.4.2
-- Installing: /usr/local/lib/libopencv_features2d.so.3.4
-- Set runtime path of "/usr/local/lib/libopencv_features2d.so.3.4.2" to "/usr/local/lib:/home/sgx/software/anaconda2/lib"
-- Installing: /usr/local/lib/libopencv_features2d.so
-- Installing: /usr/local/include/opencv2/features2d.hpp
-- Installing: /usr/local/include/opencv2/features2d/features2d.hpp
-- Installing: /usr/local/include/opencv2/features2d/hal/interface.h
-- Installing: /usr/local/lib/libopencv_line_descriptor.so.3.4.2
-- Installing: /usr/local/lib/libopencv_line_descriptor.so.3.4
-- Set runtime path of "/usr/local/lib/libopencv_line_descriptor.so.3.4.2" to "/usr/local/lib:/home/sgx/software/anaconda2/lib"
-- Installing: /usr/local/lib/libopencv_line_descriptor.so
-- Installing: /usr/local/include/opencv2/line_descriptor.hpp
-- Installing: /usr/local/include/opencv2/line_descriptor/descriptor.hpp
-- Installing: /usr/local/share/OpenCV/samples/line_descriptor/matching.cpp
-- Installing: /usr/local/share/OpenCV/samples/line_descriptor/lsd_lines_extraction.cpp
-- Installing: /usr/local/share/OpenCV/samples/line_descriptor/radius_matching.cpp
-- Installing: /usr/local/share/OpenCV/samples/line_descriptor/lines_extraction.cpp
-- Installing: /usr/local/share/OpenCV/samples/line_descriptor/knn_matching.cpp
-- Installing: /usr/local/share/OpenCV/samples/line_descriptor/compute_descriptors.cpp
-- Up-to-date: /usr/local/share/OpenCV/samples/line_descriptor
-- Installing: /usr/local/lib/libopencv_saliency.so.3.4.2
-- Installing: /usr/local/lib/libopencv_saliency.so.3.4
-- Set runtime path of "/usr/local/lib/libopencv_saliency.so.3.4.2" to "/usr/local/lib:/home/sgx/software/anaconda2/lib"
-- Installing: /usr/local/lib/libopencv_saliency.so
-- Installing: /usr/local/include/opencv2/saliency.hpp
-- Installing: /usr/local/include/opencv2/saliency/saliencySpecializedClasses.hpp
-- Installing: /usr/local/include/opencv2/saliency/saliencyBaseClasses.hpp
-- Installing: /usr/local/share/OpenCV/samples/saliency/computeSaliency.cpp
-- Installing: /usr/local/share/OpenCV/samples/saliency/ObjectnessTrainedModel
-- Installing: /usr/local/share/OpenCV/samples/saliency/ObjectnessTrainedModel/ObjNessB2W8I.idx.yml.gz
-- Installing: /usr/local/share/OpenCV/samples/saliency/ObjectnessTrainedModel/ObjNessB2W8HSV.wS1.yml.gz
-- Installing: /usr/local/share/OpenCV/samples/saliency/ObjectnessTrainedModel/ObjNessB2W8I.wS2.yml.gz
-- Installing: /usr/local/share/OpenCV/samples/saliency/ObjectnessTrainedModel/ObjNessB2W8I.wS1.yml.gz
-- Installing: /usr/local/share/OpenCV/samples/saliency/ObjectnessTrainedModel/ObjNessB2W8HSV.wS2.yml.gz
-- Installing: /usr/local/share/OpenCV/samples/saliency/ObjectnessTrainedModel/ObjNessB2W8MAXBGR.idx.yml.gz
-- Installing: /usr/local/share/OpenCV/samples/saliency/ObjectnessTrainedModel/ObjNessB2W8MAXBGR.wS1.yml.gz
-- Installing: /usr/local/share/OpenCV/samples/saliency/ObjectnessTrainedModel/ObjNessB2W8HSV.idx.yml.gz
-- Installing: /usr/local/share/OpenCV/samples/saliency/ObjectnessTrainedModel/ObjNessB2W8MAXBGR.wS2.yml.gz
-- Installing: /usr/local/lib/libopencv_text.so.3.4.2
-- Installing: /usr/local/lib/libopencv_text.so.3.4
-- Set runtime path of "/usr/local/lib/libopencv_text.so.3.4.2" to "/usr/local/lib:/home/sgx/software/anaconda2/lib"
-- Installing: /usr/local/lib/libopencv_text.so
-- Installing: /usr/local/include/opencv2/text.hpp
-- Installing: /usr/local/include/opencv2/text/erfilter.hpp
-- Installing: /usr/local/include/opencv2/text/ocr.hpp
-- Installing: /usr/local/include/opencv2/text/textDetector.hpp
-- Installing: /usr/local/share/OpenCV/samples/text/scenetext_segmented_word02_mask.png
-- Installing: /usr/local/share/OpenCV/samples/text/textdetection.py
-- Installing: /usr/local/share/OpenCV/samples/text/scenetext05.jpg
-- Installing: /usr/local/share/OpenCV/samples/text/textbox.prototxt
-- Installing: /usr/local/share/OpenCV/samples/text/trained_classifier_erGrouping.xml
-- Installing: /usr/local/share/OpenCV/samples/text/end_to_end_recognition.cpp
-- Installing: /usr/local/share/OpenCV/samples/text/scenetext02.jpg
-- Installing: /usr/local/share/OpenCV/samples/text/scenetext_char01.jpg
-- Installing: /usr/local/share/OpenCV/samples/text/webcam_demo.cpp
-- Installing: /usr/local/share/OpenCV/samples/text/scenetext_word02.jpg
-- Installing: /usr/local/share/OpenCV/samples/text/text_recognition_cnn.cpp
-- Installing: /usr/local/share/OpenCV/samples/text/scenetext_segmented_word04_mask.png
-- Installing: /usr/local/share/OpenCV/samples/text/character_recognition.cpp
-- Installing: /usr/local/share/OpenCV/samples/text/OCRHMM_transitions_table.xml
-- Installing: /usr/local/share/OpenCV/samples/text/trained_classifierNM1.xml
-- Installing: /usr/local/share/OpenCV/samples/text/scenetext04.jpg
-- Installing: /usr/local/share/OpenCV/samples/text/scenetext_segmented_word01_mask.png
-- Installing: /usr/local/share/OpenCV/samples/text/scenetext06.jpg
-- Installing: /usr/local/share/OpenCV/samples/text/trained_classifierNM2.xml
-- Installing: /usr/local/share/OpenCV/samples/text/deeptextdetection.py
-- Installing: /usr/local/share/OpenCV/samples/text/scenetext_segmented_word04.jpg
-- Installing: /usr/local/share/OpenCV/samples/text/scenetext_char03.jpg
-- Installing: /usr/local/share/OpenCV/samples/text/scenetext_word03.jpg
-- Installing: /usr/local/share/OpenCV/samples/text/scenetext_char02.jpg
-- Installing: /usr/local/share/OpenCV/samples/text/OCRBeamSearch_CNN_model_data.xml.gz
-- Installing: /usr/local/share/OpenCV/samples/text/scenetext_segmented_word01.jpg
-- Installing: /usr/local/share/OpenCV/samples/text/scenetext_word04.jpg
-- Installing: /usr/local/share/OpenCV/samples/text/scenetext03.jpg
-- Installing: /usr/local/share/OpenCV/samples/text/textdetection.cpp
-- Installing: /usr/local/share/OpenCV/samples/text/scenetext_segmented_word02.jpg
-- Installing: /usr/local/share/OpenCV/samples/text/scenetext_segmented_word03_mask.png
-- Installing: /usr/local/share/OpenCV/samples/text/scenetext01.jpg
-- Installing: /usr/local/share/OpenCV/samples/text/detect_er_chars.py
-- Installing: /usr/local/share/OpenCV/samples/text/scenetext_word01.jpg
-- Installing: /usr/local/share/OpenCV/samples/text/OCRHMM_knn_model_data.xml.gz
-- Installing: /usr/local/share/OpenCV/samples/text/dictnet_demo.cpp
-- Installing: /usr/local/share/OpenCV/samples/text/scenetext_segmented_word03.jpg
-- Installing: /usr/local/share/OpenCV/samples/text/scenetext_segmented_word05.jpg
-- Installing: /usr/local/share/OpenCV/samples/text/cropped_word_recognition.cpp
-- Installing: /usr/local/share/OpenCV/samples/text/segmented_word_recognition.cpp
-- Installing: /usr/local/share/OpenCV/samples/text/scenetext_segmented_word05_mask.png
-- Installing: /usr/local/share/OpenCV/samples/text/textbox_demo.cpp
-- Up-to-date: /usr/local/share/OpenCV/samples/text
-- Installing: /usr/local/lib/libopencv_calib3d.so.3.4.2
-- Installing: /usr/local/lib/libopencv_calib3d.so.3.4
-- Set runtime path of "/usr/local/lib/libopencv_calib3d.so.3.4.2" to "/usr/local/lib:/home/sgx/software/anaconda2/lib"
-- Installing: /usr/local/lib/libopencv_calib3d.so
-- Installing: /usr/local/include/opencv2/calib3d.hpp
-- Installing: /usr/local/include/opencv2/calib3d/calib3d.hpp
-- Installing: /usr/local/include/opencv2/calib3d/calib3d_c.h
-- Installing: /usr/local/lib/libopencv_ccalib.so.3.4.2
-- Installing: /usr/local/lib/libopencv_ccalib.so.3.4
-- Set runtime path of "/usr/local/lib/libopencv_ccalib.so.3.4.2" to "/usr/local/lib:/home/sgx/software/anaconda2/lib"
-- Installing: /usr/local/lib/libopencv_ccalib.so
-- Installing: /usr/local/include/opencv2/ccalib.hpp
-- Installing: /usr/local/include/opencv2/ccalib/randpattern.hpp
-- Installing: /usr/local/include/opencv2/ccalib/omnidir.hpp
-- Installing: /usr/local/include/opencv2/ccalib/multicalib.hpp
-- Installing: /usr/local/share/OpenCV/samples/ccalib/omni_calibration.cpp
-- Installing: /usr/local/share/OpenCV/samples/ccalib/random_pattern_calibration.cpp
-- Installing: /usr/local/share/OpenCV/samples/ccalib/random_pattern_generator.cpp
-- Installing: /usr/local/share/OpenCV/samples/ccalib/multi_cameras_calibration.cpp
-- Installing: /usr/local/share/OpenCV/samples/ccalib/omni_stereo_calibration.cpp
-- Up-to-date: /usr/local/share/OpenCV/samples/ccalib
-- Installing: /usr/local/lib/libopencv_cvv.so.3.4.2
-- Installing: /usr/local/lib/libopencv_cvv.so.3.4
-- Set runtime path of "/usr/local/lib/libopencv_cvv.so.3.4.2" to "/usr/local/lib:/home/sgx/software/anaconda2/lib"
-- Installing: /usr/local/lib/libopencv_cvv.so
-- Installing: /usr/local/include/opencv2/cvv.hpp
-- Installing: /usr/local/include/opencv2/cvv/final_show.hpp
-- Installing: /usr/local/include/opencv2/cvv/filter.hpp
-- Installing: /usr/local/include/opencv2/cvv/dmatch.hpp
-- Installing: /usr/local/include/opencv2/cvv/call_meta_data.hpp
-- Installing: /usr/local/include/opencv2/cvv/cvv.hpp
-- Installing: /usr/local/include/opencv2/cvv/show_image.hpp
-- Installing: /usr/local/include/opencv2/cvv/debug_mode.hpp
-- Installing: /usr/local/share/OpenCV/samples/cvv/cvv_demo.cpp
-- Up-to-date: /usr/local/share/OpenCV/samples/cvv
-- Installing: /usr/local/lib/libopencv_datasets.so.3.4.2
-- Installing: /usr/local/lib/libopencv_datasets.so.3.4
-- Set runtime path of "/usr/local/lib/libopencv_datasets.so.3.4.2" to "/usr/local/lib:/home/sgx/software/anaconda2/lib"
-- Installing: /usr/local/lib/libopencv_datasets.so
-- Installing: /usr/local/include/opencv2/datasets/or_sun.hpp
-- Installing: /usr/local/include/opencv2/datasets/is_bsds.hpp
-- Installing: /usr/local/include/opencv2/datasets/or_mnist.hpp
-- Installing: /usr/local/include/opencv2/datasets/or_imagenet.hpp
-- Installing: /usr/local/include/opencv2/datasets/util.hpp
-- Installing: /usr/local/include/opencv2/datasets/track_vot.hpp
-- Installing: /usr/local/include/opencv2/datasets/dataset.hpp
-- Installing: /usr/local/include/opencv2/datasets/hpe_humaneva.hpp
-- Installing: /usr/local/include/opencv2/datasets/pd_inria.hpp
-- Installing: /usr/local/include/opencv2/datasets/hpe_parse.hpp
-- Installing: /usr/local/include/opencv2/datasets/pd_caltech.hpp
-- Installing: /usr/local/include/opencv2/datasets/fr_lfw.hpp
-- Installing: /usr/local/include/opencv2/datasets/slam_tumindoor.hpp
-- Installing: /usr/local/include/opencv2/datasets/track_alov.hpp
-- Installing: /usr/local/include/opencv2/datasets/is_weizmann.hpp
-- Installing: /usr/local/include/opencv2/datasets/ir_robot.hpp
-- Installing: /usr/local/include/opencv2/datasets/msm_middlebury.hpp
-- Installing: /usr/local/include/opencv2/datasets/ar_sports.hpp
-- Installing: /usr/local/include/opencv2/datasets/ar_hmdb.hpp
-- Installing: /usr/local/include/opencv2/datasets/tr_svt.hpp
-- Installing: /usr/local/include/opencv2/datasets/gr_skig.hpp
-- Installing: /usr/local/include/opencv2/datasets/tr_icdar.hpp
-- Installing: /usr/local/include/opencv2/datasets/gr_chalearn.hpp
-- Installing: /usr/local/include/opencv2/datasets/tr_chars.hpp
-- Installing: /usr/local/include/opencv2/datasets/or_pascal.hpp
-- Installing: /usr/local/include/opencv2/datasets/ir_affine.hpp
-- Installing: /usr/local/include/opencv2/datasets/msm_epfl.hpp
-- Installing: /usr/local/include/opencv2/datasets/fr_adience.hpp
-- Installing: /usr/local/include/opencv2/datasets/slam_kitti.hpp
-- Installing: /usr/local/share/OpenCV/samples/datasets/ar_hmdb_benchmark.cpp
-- Installing: /usr/local/share/OpenCV/samples/datasets/gr_chalearn.cpp
-- Installing: /usr/local/share/OpenCV/samples/datasets/tr_svt.cpp
-- Installing: /usr/local/share/OpenCV/samples/datasets/pd_inria.cpp
-- Installing: /usr/local/share/OpenCV/samples/datasets/slam_kitti.cpp
-- Installing: /usr/local/share/OpenCV/samples/datasets/ir_affine.cpp
-- Installing: /usr/local/share/OpenCV/samples/datasets/tr_chars_benchmark.cpp
-- Installing: /usr/local/share/OpenCV/samples/datasets/fr_lfw.cpp
-- Installing: /usr/local/share/OpenCV/samples/datasets/ir_robot.cpp
-- Installing: /usr/local/share/OpenCV/samples/datasets/fr_lfw_benchmark.cpp
-- Installing: /usr/local/share/OpenCV/samples/datasets/tr_chars.cpp
-- Installing: /usr/local/share/OpenCV/samples/datasets/tr_icdar_benchmark.cpp
-- Installing: /usr/local/share/OpenCV/samples/datasets/ar_sports.cpp
-- Installing: /usr/local/share/OpenCV/samples/datasets/hpe_humaneva.cpp
-- Installing: /usr/local/share/OpenCV/samples/datasets/tr_icdar.cpp
-- Installing: /usr/local/share/OpenCV/samples/datasets/pd_caltech.cpp
-- Installing: /usr/local/share/OpenCV/samples/datasets/fr_adience.cpp
-- Installing: /usr/local/share/OpenCV/samples/datasets/is_bsds.cpp
-- Installing: /usr/local/share/OpenCV/samples/datasets/is_weizmann.cpp
-- Installing: /usr/local/share/OpenCV/samples/datasets/gr_skig.cpp
-- Installing: /usr/local/share/OpenCV/samples/datasets/tr_svt_benchmark.cpp
-- Installing: /usr/local/share/OpenCV/samples/datasets/or_imagenet.cpp
-- Installing: /usr/local/share/OpenCV/samples/datasets/or_sun.cpp
-- Installing: /usr/local/share/OpenCV/samples/datasets/or_pascal.cpp
-- Installing: /usr/local/share/OpenCV/samples/datasets/msm_middlebury.cpp
-- Installing: /usr/local/share/OpenCV/samples/datasets/slam_tumindoor.cpp
-- Installing: /usr/local/share/OpenCV/samples/datasets/hpe_parse.cpp
-- Installing: /usr/local/share/OpenCV/samples/datasets/track_vot.cpp
-- Installing: /usr/local/share/OpenCV/samples/datasets/msm_epfl.cpp
-- Installing: /usr/local/share/OpenCV/samples/datasets/ar_hmdb.cpp
-- Installing: /usr/local/share/OpenCV/samples/datasets/or_mnist.cpp
-- Up-to-date: /usr/local/share/OpenCV/samples/datasets
-- Installing: /usr/local/lib/libopencv_rgbd.so.3.4.2
-- Installing: /usr/local/lib/libopencv_rgbd.so.3.4
-- Set runtime path of "/usr/local/lib/libopencv_rgbd.so.3.4.2" to "/usr/local/lib:/home/sgx/software/anaconda2/lib"
-- Installing: /usr/local/lib/libopencv_rgbd.so
-- Installing: /usr/local/include/opencv2/rgbd.hpp
-- Installing: /usr/local/include/opencv2/rgbd/linemod.hpp
-- Installing: /usr/local/share/OpenCV/samples/rgbd/odometry_evaluation.cpp
-- Installing: /usr/local/share/OpenCV/samples/rgbd/CMakeLists.txt
-- Installing: /usr/local/share/OpenCV/samples/rgbd/linemod.cpp
-- Up-to-date: /usr/local/share/OpenCV/samples/rgbd
-- Installing: /usr/local/lib/libopencv_stereo.so.3.4.2
-- Installing: /usr/local/lib/libopencv_stereo.so.3.4
-- Set runtime path of "/usr/local/lib/libopencv_stereo.so.3.4.2" to "/usr/local/lib:/home/sgx/software/anaconda2/lib"
-- Installing: /usr/local/lib/libopencv_stereo.so
-- Installing: /usr/local/include/opencv2/stereo.hpp
-- Installing: /usr/local/include/opencv2/stereo/stereo.hpp
-- Installing: /usr/local/include/opencv2/stereo/descriptor.hpp
-- Installing: /usr/local/include/opencv2/stereo/matching.hpp
-- Installing: /usr/local/share/OpenCV/samples/stereo/sample.cpp
-- Up-to-date: /usr/local/share/OpenCV/samples/stereo
-- Installing: /usr/local/lib/libopencv_structured_light.so.3.4.2
-- Installing: /usr/local/lib/libopencv_structured_light.so.3.4
-- Set runtime path of "/usr/local/lib/libopencv_structured_light.so.3.4.2" to "/usr/local/lib:/home/sgx/software/anaconda2/lib"
-- Installing: /usr/local/lib/libopencv_structured_light.so
-- Installing: /usr/local/include/opencv2/structured_light.hpp
-- Installing: /usr/local/include/opencv2/structured_light/sinusoidalpattern.hpp
-- Installing: /usr/local/include/opencv2/structured_light/graycodepattern.hpp
-- Installing: /usr/local/include/opencv2/structured_light/structured_light.hpp
-- Installing: /usr/local/share/OpenCV/samples/structured_light/pointcloud.cpp
-- Installing: /usr/local/share/OpenCV/samples/structured_light/cap_pattern.cpp
-- Installing: /usr/local/share/OpenCV/samples/structured_light/projectorcalibration.cpp
-- Installing: /usr/local/share/OpenCV/samples/structured_light/capsinpattern.cpp
-- Up-to-date: /usr/local/share/OpenCV/samples/structured_light
-- Installing: /usr/local/lib/libopencv_tracking.so.3.4.2
-- Installing: /usr/local/lib/libopencv_tracking.so.3.4
-- Set runtime path of "/usr/local/lib/libopencv_tracking.so.3.4.2" to "/usr/local/lib:/home/sgx/software/anaconda2/lib"
-- Installing: /usr/local/lib/libopencv_tracking.so
-- Installing: /usr/local/include/opencv2/tracking.hpp
-- Installing: /usr/local/include/opencv2/tracking/kalman_filters.hpp
-- Installing: /usr/local/include/opencv2/tracking/onlineBoosting.hpp
-- Installing: /usr/local/include/opencv2/tracking/feature.hpp
-- Installing: /usr/local/include/opencv2/tracking/tracking.hpp
-- Installing: /usr/local/include/opencv2/tracking/onlineMIL.hpp
-- Installing: /usr/local/include/opencv2/tracking/tracker.hpp
-- Installing: /usr/local/include/opencv2/tracking/tldDataset.hpp
-- Installing: /usr/local/share/OpenCV/samples/tracking/multitracker.py
-- Installing: /usr/local/share/OpenCV/samples/tracking/tutorial_customizing_cn_tracker.cpp
-- Installing: /usr/local/share/OpenCV/samples/tracking/tutorial_multitracker.cpp
-- Installing: /usr/local/share/OpenCV/samples/tracking/tracker_dataset.cpp
-- Installing: /usr/local/share/OpenCV/samples/tracking/samples_utility.hpp
-- Installing: /usr/local/share/OpenCV/samples/tracking/goturnTracker.cpp
-- Installing: /usr/local/share/OpenCV/samples/tracking/csrt.cpp
-- Installing: /usr/local/share/OpenCV/samples/tracking/tracker.py
-- Installing: /usr/local/share/OpenCV/samples/tracking/multiTracker_dataset.cpp
-- Installing: /usr/local/share/OpenCV/samples/tracking/kcf.cpp
-- Installing: /usr/local/share/OpenCV/samples/tracking/benchmark.cpp
-- Installing: /usr/local/share/OpenCV/samples/tracking/tutorial_introduction_to_tracker.cpp
-- Installing: /usr/local/share/OpenCV/samples/tracking/tracker.cpp
-- Installing: /usr/local/share/OpenCV/samples/tracking/multitracker.cpp
-- Up-to-date: /usr/local/share/OpenCV/samples/tracking
-- Installing: /usr/local/lib/libopencv_videostab.so.3.4.2
-- Installing: /usr/local/lib/libopencv_videostab.so.3.4
-- Set runtime path of "/usr/local/lib/libopencv_videostab.so.3.4.2" to "/usr/local/lib:/home/sgx/software/anaconda2/lib"
-- Installing: /usr/local/lib/libopencv_videostab.so
-- Installing: /usr/local/include/opencv2/videostab.hpp
-- Installing: /usr/local/include/opencv2/videostab/fast_marching_inl.hpp
-- Installing: /usr/local/include/opencv2/videostab/outlier_rejection.hpp
-- Installing: /usr/local/include/opencv2/videostab/stabilizer.hpp
-- Installing: /usr/local/include/opencv2/videostab/motion_core.hpp
-- Installing: /usr/local/include/opencv2/videostab/wobble_suppression.hpp
-- Installing: /usr/local/include/opencv2/videostab/deblurring.hpp
-- Installing: /usr/local/include/opencv2/videostab/fast_marching.hpp
-- Installing: /usr/local/include/opencv2/videostab/global_motion.hpp
-- Installing: /usr/local/include/opencv2/videostab/ring_buffer.hpp
-- Installing: /usr/local/include/opencv2/videostab/inpainting.hpp
-- Installing: /usr/local/include/opencv2/videostab/motion_stabilizing.hpp
-- Installing: /usr/local/include/opencv2/videostab/optical_flow.hpp
-- Installing: /usr/local/include/opencv2/videostab/frame_source.hpp
-- Installing: /usr/local/include/opencv2/videostab/log.hpp
-- Installing: /usr/local/lib/libopencv_xfeatures2d.so.3.4.2
-- Installing: /usr/local/lib/libopencv_xfeatures2d.so.3.4
-- Set runtime path of "/usr/local/lib/libopencv_xfeatures2d.so.3.4.2" to "/usr/local/lib:/home/sgx/software/anaconda2/lib"
-- Installing: /usr/local/lib/libopencv_xfeatures2d.so
-- Installing: /usr/local/include/opencv2/xfeatures2d.hpp
-- Installing: /usr/local/include/opencv2/xfeatures2d/cuda.hpp
-- Installing: /usr/local/include/opencv2/xfeatures2d/nonfree.hpp
-- Installing: /usr/local/share/OpenCV/samples/xfeatures2d/gms_matcher.cpp
-- Installing: /usr/local/share/OpenCV/samples/xfeatures2d/pct_webcam.cpp
-- Installing: /usr/local/share/OpenCV/samples/xfeatures2d/video_homography.cpp
-- Installing: /usr/local/share/OpenCV/samples/xfeatures2d/surf_matcher.cpp
-- Installing: /usr/local/share/OpenCV/samples/xfeatures2d/pct_signatures.cpp
-- Installing: /usr/local/share/OpenCV/samples/xfeatures2d/export-boostdesc.py
-- Installing: /usr/local/share/OpenCV/samples/xfeatures2d/bagofwords_classification.cpp
-- Installing: /usr/local/share/OpenCV/samples/xfeatures2d/shape_transformation.cpp
-- Up-to-date: /usr/local/share/OpenCV/samples/xfeatures2d
-- Installing: /usr/local/lib/libopencv_ximgproc.so.3.4.2
-- Installing: /usr/local/lib/libopencv_ximgproc.so.3.4
-- Set runtime path of "/usr/local/lib/libopencv_ximgproc.so.3.4.2" to "/usr/local/lib:/home/sgx/software/anaconda2/lib"
-- Installing: /usr/local/lib/libopencv_ximgproc.so
-- Installing: /usr/local/include/opencv2/ximgproc.hpp
-- Installing: /usr/local/include/opencv2/ximgproc/peilin.hpp
-- Installing: /usr/local/include/opencv2/ximgproc/edge_filter.hpp
-- Installing: /usr/local/include/opencv2/ximgproc/fast_line_detector.hpp
-- Installing: /usr/local/include/opencv2/ximgproc/deriche_filter.hpp
-- Installing: /usr/local/include/opencv2/ximgproc/fast_hough_transform.hpp
-- Installing: /usr/local/include/opencv2/ximgproc/estimated_covariance.hpp
-- Installing: /usr/local/include/opencv2/ximgproc/lsc.hpp
-- Installing: /usr/local/include/opencv2/ximgproc/paillou_filter.hpp
-- Installing: /usr/local/include/opencv2/ximgproc/segmentation.hpp
-- Installing: /usr/local/include/opencv2/ximgproc/edgeboxes.hpp
-- Installing: /usr/local/include/opencv2/ximgproc/seeds.hpp
-- Installing: /usr/local/include/opencv2/ximgproc/sparse_match_interpolator.hpp
-- Installing: /usr/local/include/opencv2/ximgproc/disparity_filter.hpp
-- Installing: /usr/local/include/opencv2/ximgproc/brightedges.hpp
-- Installing: /usr/local/include/opencv2/ximgproc/structured_edge_detection.hpp
-- Installing: /usr/local/include/opencv2/ximgproc/weighted_median_filter.hpp
-- Installing: /usr/local/include/opencv2/ximgproc/slic.hpp
-- Installing: /usr/local/include/opencv2/ximgproc/ridgefilter.hpp
-- Installing: /usr/local/include/opencv2/ximgproc/fourier_descriptors.hpp
-- Installing: /usr/local/share/OpenCV/samples/ximgproc/seeds.cpp
-- Installing: /usr/local/share/OpenCV/samples/ximgproc/deriche_demo.cpp
-- Installing: /usr/local/share/OpenCV/samples/ximgproc/peilin.cpp
-- Installing: /usr/local/share/OpenCV/samples/ximgproc/live_demo.cpp
-- Installing: /usr/local/share/OpenCV/samples/ximgproc/edgeboxes_demo.cpp
-- Installing: /usr/local/share/OpenCV/samples/ximgproc/niblack_thresholding.cpp
-- Installing: /usr/local/share/OpenCV/samples/ximgproc/thinning.cpp
-- Installing: /usr/local/share/OpenCV/samples/ximgproc/polygonstanfordoutput.png
-- Installing: /usr/local/share/OpenCV/samples/ximgproc/peilin_plane.png
-- Installing: /usr/local/share/OpenCV/samples/ximgproc/disparity_filtering.cpp
-- Installing: /usr/local/share/OpenCV/samples/ximgproc/paillou_demo.cpp
-- Installing: /usr/local/share/OpenCV/samples/ximgproc/selectivesearchsegmentation_demo.cpp
-- Installing: /usr/local/share/OpenCV/samples/ximgproc/edgeboxes_demo.py
-- Installing: /usr/local/share/OpenCV/samples/ximgproc/fld_lines.cpp
-- Installing: /usr/local/share/OpenCV/samples/ximgproc/graphsegmentation_demo.cpp
-- Installing: /usr/local/share/OpenCV/samples/ximgproc/selectivesearchsegmentation_demo.py
-- Installing: /usr/local/share/OpenCV/samples/ximgproc/brightedgesexample.cpp
-- Installing: /usr/local/share/OpenCV/samples/ximgproc/CMakeLists.txt
-- Installing: /usr/local/share/OpenCV/samples/ximgproc/fast_hough_transform.cpp
-- Installing: /usr/local/share/OpenCV/samples/ximgproc/peilin_shape.png
-- Installing: /usr/local/share/OpenCV/samples/ximgproc/slic.cpp
-- Installing: /usr/local/share/OpenCV/samples/ximgproc/filterdemo.cpp
-- Installing: /usr/local/share/OpenCV/samples/ximgproc/findredlinedpolygonfromgooglemaps.py
-- Installing: /usr/local/share/OpenCV/samples/ximgproc/fourier_descriptors_demo.cpp
-- Installing: /usr/local/share/OpenCV/samples/ximgproc/stanford.png
-- Installing: /usr/local/share/OpenCV/samples/ximgproc/structured_edge_detection.cpp
-- Up-to-date: /usr/local/share/OpenCV/samples/ximgproc
-- Installing: /usr/local/lib/libopencv_aruco.so.3.4.2
-- Installing: /usr/local/lib/libopencv_aruco.so.3.4
-- Set runtime path of "/usr/local/lib/libopencv_aruco.so.3.4.2" to "/usr/local/lib:/home/sgx/software/anaconda2/lib"
-- Installing: /usr/local/lib/libopencv_aruco.so
-- Installing: /usr/local/include/opencv2/aruco.hpp
-- Installing: /usr/local/include/opencv2/aruco/dictionary.hpp
-- Installing: /usr/local/include/opencv2/aruco/charuco.hpp
-- Installing: /usr/local/share/OpenCV/samples/aruco/create_diamond.cpp
-- Installing: /usr/local/share/OpenCV/samples/aruco/create_board.cpp
-- Installing: /usr/local/share/OpenCV/samples/aruco/detect_diamonds.cpp
-- Installing: /usr/local/share/OpenCV/samples/aruco/calibrate_camera.cpp
-- Installing: /usr/local/share/OpenCV/samples/aruco/create_marker.cpp
-- Installing: /usr/local/share/OpenCV/samples/aruco/create_board_charuco.cpp
-- Installing: /usr/local/share/OpenCV/samples/aruco/detect_board.cpp
-- Installing: /usr/local/share/OpenCV/samples/aruco/detect_markers.cpp
-- Installing: /usr/local/share/OpenCV/samples/aruco/detector_params.yml
-- Installing: /usr/local/share/OpenCV/samples/aruco/detect_board_charuco.cpp
-- Installing: /usr/local/share/OpenCV/samples/aruco/calibrate_camera_charuco.cpp
-- Up-to-date: /usr/local/share/OpenCV/samples/aruco
-- Installing: /usr/local/lib/libopencv_bgsegm.so.3.4.2
-- Installing: /usr/local/lib/libopencv_bgsegm.so.3.4
-- Set runtime path of "/usr/local/lib/libopencv_bgsegm.so.3.4.2" to "/usr/local/lib:/home/sgx/software/anaconda2/lib"
-- Installing: /usr/local/lib/libopencv_bgsegm.so
-- Installing: /usr/local/include/opencv2/bgsegm.hpp
-- Installing: /usr/local/share/OpenCV/samples/bgsegm/evaluation.py
-- Installing: /usr/local/share/OpenCV/samples/bgsegm/viz_synthetic_seq.py
-- Installing: /usr/local/share/OpenCV/samples/bgsegm/viz.py
-- Installing: /usr/local/share/OpenCV/samples/bgsegm/bgfg.cpp
-- Up-to-date: /usr/local/share/OpenCV/samples/bgsegm
-- Installing: /usr/local/lib/libopencv_optflow.so.3.4.2
-- Installing: /usr/local/lib/libopencv_optflow.so.3.4
-- Set runtime path of "/usr/local/lib/libopencv_optflow.so.3.4.2" to "/usr/local/lib:/home/sgx/software/anaconda2/lib"
-- Installing: /usr/local/lib/libopencv_optflow.so
-- Installing: /usr/local/include/opencv2/optflow.hpp
-- Installing: /usr/local/include/opencv2/optflow/pcaflow.hpp
-- Installing: /usr/local/include/opencv2/optflow/sparse_matching_gpc.hpp
-- Installing: /usr/local/include/opencv2/optflow/motempl.hpp
-- Installing: /usr/local/share/OpenCV/samples/optflow/simpleflow_demo.cpp
-- Installing: /usr/local/share/OpenCV/samples/optflow/motempl.py
-- Installing: /usr/local/share/OpenCV/samples/optflow/optical_flow_benchmark.py
-- Installing: /usr/local/share/OpenCV/samples/optflow/motempl.cpp
-- Installing: /usr/local/share/OpenCV/samples/optflow/pcaflow_demo.cpp
-- Installing: /usr/local/share/OpenCV/samples/optflow/gpc_train_sintel.py
-- Installing: /usr/local/share/OpenCV/samples/optflow/gpc_train_middlebury.py
-- Installing: /usr/local/share/OpenCV/samples/optflow/optical_flow_evaluation.cpp
-- Installing: /usr/local/share/OpenCV/samples/optflow/dis_opticalflow.cpp
-- Installing: /usr/local/share/OpenCV/samples/optflow/gpc_train.cpp
-- Installing: /usr/local/share/OpenCV/samples/optflow/gpc_evaluate.cpp
-- Up-to-date: /usr/local/share/OpenCV/samples/optflow
-- Installing: /usr/local/lib/libopencv_stitching.so.3.4.2
-- Installing: /usr/local/lib/libopencv_stitching.so.3.4
-- Set runtime path of "/usr/local/lib/libopencv_stitching.so.3.4.2" to "/usr/local/lib:/home/sgx/software/anaconda2/lib"
-- Installing: /usr/local/lib/libopencv_stitching.so
-- Installing: /usr/local/include/opencv2/stitching.hpp
-- Installing: /usr/local/include/opencv2/stitching/warpers.hpp
-- Installing: /usr/local/include/opencv2/stitching/detail/warpers.hpp
-- Installing: /usr/local/include/opencv2/stitching/detail/util.hpp
-- Installing: /usr/local/include/opencv2/stitching/detail/autocalib.hpp
-- Installing: /usr/local/include/opencv2/stitching/detail/seam_finders.hpp
-- Installing: /usr/local/include/opencv2/stitching/detail/timelapsers.hpp
-- Installing: /usr/local/include/opencv2/stitching/detail/warpers_inl.hpp
-- Installing: /usr/local/include/opencv2/stitching/detail/camera.hpp
-- Installing: /usr/local/include/opencv2/stitching/detail/blenders.hpp
-- Installing: /usr/local/include/opencv2/stitching/detail/util_inl.hpp
-- Installing: /usr/local/include/opencv2/stitching/detail/exposure_compensate.hpp
-- Installing: /usr/local/include/opencv2/stitching/detail/motion_estimators.hpp
-- Installing: /usr/local/include/opencv2/stitching/detail/matchers.hpp
-- Installing: /usr/local/share/OpenCV/haarcascades/haarcascade_licence_plate_rus_16stages.xml
-- Installing: /usr/local/share/OpenCV/haarcascades/haarcascade_frontalface_alt.xml
-- Installing: /usr/local/share/OpenCV/haarcascades/haarcascade_russian_plate_number.xml
-- Installing: /usr/local/share/OpenCV/haarcascades/haarcascade_frontalface_alt2.xml
-- Installing: /usr/local/share/OpenCV/haarcascades/haarcascade_frontalface_alt_tree.xml
-- Installing: /usr/local/share/OpenCV/haarcascades/haarcascade_fullbody.xml
-- Installing: /usr/local/share/OpenCV/haarcascades/haarcascade_frontalface_default.xml
-- Installing: /usr/local/share/OpenCV/haarcascades/haarcascade_lowerbody.xml
-- Installing: /usr/local/share/OpenCV/haarcascades/haarcascade_lefteye_2splits.xml
-- Installing: /usr/local/share/OpenCV/haarcascades/haarcascade_eye_tree_eyeglasses.xml
-- Installing: /usr/local/share/OpenCV/haarcascades/haarcascade_profileface.xml
-- Installing: /usr/local/share/OpenCV/haarcascades/haarcascade_frontalcatface_extended.xml
-- Installing: /usr/local/share/OpenCV/haarcascades/haarcascade_smile.xml
-- Installing: /usr/local/share/OpenCV/haarcascades/haarcascade_upperbody.xml
-- Installing: /usr/local/share/OpenCV/haarcascades/haarcascade_eye.xml
-- Installing: /usr/local/share/OpenCV/haarcascades/haarcascade_righteye_2splits.xml
-- Installing: /usr/local/share/OpenCV/haarcascades/haarcascade_frontalcatface.xml
-- Installing: /usr/local/share/OpenCV/lbpcascades/lbpcascade_frontalface_improved.xml
-- Installing: /usr/local/share/OpenCV/lbpcascades/lbpcascade_frontalface.xml
-- Installing: /usr/local/share/OpenCV/lbpcascades/lbpcascade_silverware.xml
-- Installing: /usr/local/share/OpenCV/lbpcascades/lbpcascade_frontalcatface.xml
-- Installing: /usr/local/share/OpenCV/lbpcascades/lbpcascade_profileface.xml
-- Installing: /usr/local/bin/opencv_traincascade
-- Set runtime path of "/usr/local/bin/opencv_traincascade" to "/usr/local/lib:/home/sgx/software/anaconda2/lib"
-- Installing: /usr/local/bin/opencv_createsamples
-- Set runtime path of "/usr/local/bin/opencv_createsamples" to "/usr/local/lib:/home/sgx/software/anaconda2/lib"
-- Installing: /usr/local/bin/opencv_annotation
-- Set runtime path of "/usr/local/bin/opencv_annotation" to "/usr/local/lib:/home/sgx/software/anaconda2/lib"
-- Installing: /usr/local/bin/opencv_visualisation
-- Set runtime path of "/usr/local/bin/opencv_visualisation" to "/usr/local/lib:/home/sgx/software/anaconda2/lib"
-- Installing: /usr/local/bin/opencv_interactive-calibration
-- Set runtime path of "/usr/local/bin/opencv_interactive-calibration" to "/usr/local/lib:/home/sgx/software/anaconda2/lib"
-- Installing: /usr/local/bin/opencv_version
-- Set runtime path of "/usr/local/bin/opencv_version" to "/usr/local/lib"
-- Installing: /usr/local/share/OpenCV/samples/./CMakeLists.txt
-- Installing: /usr/local/share/OpenCV/samples/data/data
-- Installing: /usr/local/share/OpenCV/samples/data/data/text_defocus.jpg
-- Installing: /usr/local/share/OpenCV/samples/data/data/chessboard.png
-- Installing: /usr/local/share/OpenCV/samples/data/data/LinuxLogo.jpg
-- Installing: /usr/local/share/OpenCV/samples/data/data/starry_night.jpg
-- Installing: /usr/local/share/OpenCV/samples/data/data/right14.jpg
-- Installing: /usr/local/share/OpenCV/samples/data/data/left14.jpg
-- Installing: /usr/local/share/OpenCV/samples/data/data/H1to3p.xml
-- Installing: /usr/local/share/OpenCV/samples/data/data/right04.jpg
-- Installing: /usr/local/share/OpenCV/samples/data/data/letter-recognition.data
-- Installing: /usr/local/share/OpenCV/samples/data/data/left06.jpg
-- Installing: /usr/local/share/OpenCV/samples/data/data/text_motion.jpg
-- Installing: /usr/local/share/OpenCV/samples/data/data/left12.jpg
-- Installing: /usr/local/share/OpenCV/samples/data/data/pic3.png
-- Installing: /usr/local/share/OpenCV/samples/data/data/right06.jpg
-- Installing: /usr/local/share/OpenCV/samples/data/data/left01.jpg
-- Installing: /usr/local/share/OpenCV/samples/data/data/templ.png
-- Installing: /usr/local/share/OpenCV/samples/data/data/aero3.jpg
-- Installing: /usr/local/share/OpenCV/samples/data/data/box.png
-- Installing: /usr/local/share/OpenCV/samples/data/data/rubberwhale2.png
-- Installing: /usr/local/share/OpenCV/samples/data/data/opencv-logo-white.png
-- Installing: /usr/local/share/OpenCV/samples/data/data/orange.jpg
-- Installing: /usr/local/share/OpenCV/samples/data/data/left07.jpg
-- Installing: /usr/local/share/OpenCV/samples/data/data/right11.jpg
-- Installing: /usr/local/share/OpenCV/samples/data/data/imageTextN.png
-- Installing: /usr/local/share/OpenCV/samples/data/data/home.jpg
-- Installing: /usr/local/share/OpenCV/samples/data/data/Megamind.avi
-- Installing: /usr/local/share/OpenCV/samples/data/data/aero1.jpg
-- Installing: /usr/local/share/OpenCV/samples/data/data/notes.png
-- Installing: /usr/local/share/OpenCV/samples/data/data/messi5.jpg
-- Installing: /usr/local/share/OpenCV/samples/data/data/right.jpg
-- Installing: /usr/local/share/OpenCV/samples/data/data/data01.xml
-- Installing: /usr/local/share/OpenCV/samples/data/data/dnn
-- Installing: /usr/local/share/OpenCV/samples/data/data/dnn/object_detection_classes_pascal_voc.txt
-- Installing: /usr/local/share/OpenCV/samples/data/data/dnn/object_detection_classes_yolov3.txt
-- Installing: /usr/local/share/OpenCV/samples/data/data/dnn/object_detection_classes_coco.txt
-- Installing: /usr/local/share/OpenCV/samples/data/data/dnn/enet-classes.txt
-- Installing: /usr/local/share/OpenCV/samples/data/data/dnn/classification_classes_ILSVRC2012.txt
-- Installing: /usr/local/share/OpenCV/samples/data/data/apple.jpg
-- Installing: /usr/local/share/OpenCV/samples/data/data/vtest.avi
-- Installing: /usr/local/share/OpenCV/samples/data/data/sudoku.png
-- Installing: /usr/local/share/OpenCV/samples/data/data/ellipses.jpg
-- Installing: /usr/local/share/OpenCV/samples/data/data/left08.jpg
-- Installing: /usr/local/share/OpenCV/samples/data/data/board.jpg
-- Installing: /usr/local/share/OpenCV/samples/data/data/building.jpg
-- Installing: /usr/local/share/OpenCV/samples/data/data/Blender_Suzanne2.jpg
-- Installing: /usr/local/share/OpenCV/samples/data/data/right07.jpg
-- Installing: /usr/local/share/OpenCV/samples/data/data/left02.jpg
-- Installing: /usr/local/share/OpenCV/samples/data/data/pca_test1.jpg
-- Installing: /usr/local/share/OpenCV/samples/data/data/box_in_scene.png
-- Installing: /usr/local/share/OpenCV/samples/data/data/WindowsLogo.jpg
-- Installing: /usr/local/share/OpenCV/samples/data/data/imageTextR.png
-- Installing: /usr/local/share/OpenCV/samples/data/data/digits.png
-- Installing: /usr/local/share/OpenCV/samples/data/data/opencv-logo.png
-- Installing: /usr/local/share/OpenCV/samples/data/data/right05.jpg
-- Installing: /usr/local/share/OpenCV/samples/data/data/left_intrinsics.yml
-- Installing: /usr/local/share/OpenCV/samples/data/data/stuff.jpg
-- Installing: /usr/local/share/OpenCV/samples/data/data/left13.jpg
-- Installing: /usr/local/share/OpenCV/samples/data/data/cards.png
-- Installing: /usr/local/share/OpenCV/samples/data/data/right09.jpg
-- Installing: /usr/local/share/OpenCV/samples/data/data/lena_tmpl.jpg
-- Installing: /usr/local/share/OpenCV/samples/data/data/graf1.png
-- Installing: /usr/local/share/OpenCV/samples/data/data/lena.jpg
-- Installing: /usr/local/share/OpenCV/samples/data/data/detect_blob.png
-- Installing: /usr/local/share/OpenCV/samples/data/data/pic6.png
-- Installing: /usr/local/share/OpenCV/samples/data/data/gradient.png
-- Installing: /usr/local/share/OpenCV/samples/data/data/intrinsics.yml
-- Installing: /usr/local/share/OpenCV/samples/data/data/aloeL.jpg
-- Installing: /usr/local/share/OpenCV/samples/data/data/mask.png
-- Installing: /usr/local/share/OpenCV/samples/data/data/chicky_512.png
-- Installing: /usr/local/share/OpenCV/samples/data/data/baboon.jpg
-- Installing: /usr/local/share/OpenCV/samples/data/data/left.jpg
-- Installing: /usr/local/share/OpenCV/samples/data/data/left04.jpg
-- Installing: /usr/local/share/OpenCV/samples/data/data/basketball1.png
-- Installing: /usr/local/share/OpenCV/samples/data/data/pic4.png
-- Installing: /usr/local/share/OpenCV/samples/data/data/right13.jpg
-- Installing: /usr/local/share/OpenCV/samples/data/data/pic1.png
-- Installing: /usr/local/share/OpenCV/samples/data/data/basketball2.png
-- Installing: /usr/local/share/OpenCV/samples/data/data/licenseplate_motion.jpg
-- Installing: /usr/local/share/OpenCV/samples/data/data/ml.png
-- Installing: /usr/local/share/OpenCV/samples/data/data/pic2.png
-- Installing: /usr/local/share/OpenCV/samples/data/data/right08.jpg
-- Installing: /usr/local/share/OpenCV/samples/data/data/aloeGT.png
-- Installing: /usr/local/share/OpenCV/samples/data/data/blox.jpg
-- Installing: /usr/local/share/OpenCV/samples/data/data/right12.jpg
-- Installing: /usr/local/share/OpenCV/samples/data/data/left09.jpg
-- Installing: /usr/local/share/OpenCV/samples/data/data/left05.jpg
-- Installing: /usr/local/share/OpenCV/samples/data/data/butterfly.jpg
-- Installing: /usr/local/share/OpenCV/samples/data/data/left11.jpg
-- Installing: /usr/local/share/OpenCV/samples/data/data/stereo_calib.xml
-- Installing: /usr/local/share/OpenCV/samples/data/data/Blender_Suzanne1.jpg
-- Installing: /usr/local/share/OpenCV/samples/data/data/HappyFish.jpg
-- Installing: /usr/local/share/OpenCV/samples/data/data/tmpl.png
-- Installing: /usr/local/share/OpenCV/samples/data/data/graf3.png
-- Installing: /usr/local/share/OpenCV/samples/data/data/shape_sample
-- Installing: /usr/local/share/OpenCV/samples/data/data/shape_sample/12.png
-- Installing: /usr/local/share/OpenCV/samples/data/data/shape_sample/9.png
-- Installing: /usr/local/share/OpenCV/samples/data/data/shape_sample/5.png
-- Installing: /usr/local/share/OpenCV/samples/data/data/shape_sample/14.png
-- Installing: /usr/local/share/OpenCV/samples/data/data/shape_sample/7.png
-- Installing: /usr/local/share/OpenCV/samples/data/data/shape_sample/1.png
-- Installing: /usr/local/share/OpenCV/samples/data/data/shape_sample/18.png
-- Installing: /usr/local/share/OpenCV/samples/data/data/shape_sample/10.png
-- Installing: /usr/local/share/OpenCV/samples/data/data/shape_sample/17.png
-- Installing: /usr/local/share/OpenCV/samples/data/data/shape_sample/13.png
-- Installing: /usr/local/share/OpenCV/samples/data/data/shape_sample/15.png
-- Installing: /usr/local/share/OpenCV/samples/data/data/shape_sample/19.png
-- Installing: /usr/local/share/OpenCV/samples/data/data/shape_sample/8.png
-- Installing: /usr/local/share/OpenCV/samples/data/data/shape_sample/20.png
-- Installing: /usr/local/share/OpenCV/samples/data/data/shape_sample/3.png
-- Installing: /usr/local/share/OpenCV/samples/data/data/shape_sample/16.png
-- Installing: /usr/local/share/OpenCV/samples/data/data/shape_sample/4.png
-- Installing: /usr/local/share/OpenCV/samples/data/data/shape_sample/6.png
-- Installing: /usr/local/share/OpenCV/samples/data/data/shape_sample/11.png
-- Installing: /usr/local/share/OpenCV/samples/data/data/shape_sample/2.png
-- Installing: /usr/local/share/OpenCV/samples/data/data/pic5.png
-- Installing: /usr/local/share/OpenCV/samples/data/data/Megamind_bugy.avi
-- Installing: /usr/local/share/OpenCV/samples/data/data/aloeR.jpg
-- Installing: /usr/local/share/OpenCV/samples/data/data/smarties.png
-- Installing: /usr/local/share/OpenCV/samples/data/data/right02.jpg
-- Installing: /usr/local/share/OpenCV/samples/data/data/fruits.jpg
-- Installing: /usr/local/share/OpenCV/samples/data/data/tree.avi
-- Installing: /usr/local/share/OpenCV/samples/data/data/rubberwhale1.png
-- Installing: /usr/local/share/OpenCV/samples/data/data/right03.jpg
-- Installing: /usr/local/share/OpenCV/samples/data/data/right01.jpg
-- Installing: /usr/local/share/OpenCV/samples/data/data/left03.jpg
-- Installing: /usr/local/share/OpenCV/samples/cpp/phase_corr.cpp
-- Installing: /usr/local/share/OpenCV/samples/cpp/videostab.cpp
-- Installing: /usr/local/share/OpenCV/samples/cpp/starter_imagelist.cpp
-- Installing: /usr/local/share/OpenCV/samples/cpp/npr_demo.cpp
-- Installing: /usr/local/share/OpenCV/samples/cpp/opencv_version.cpp
-- Installing: /usr/local/share/OpenCV/samples/cpp/convexhull.cpp
-- Installing: /usr/local/share/OpenCV/samples/cpp/morphology2.cpp
-- Installing: /usr/local/share/OpenCV/samples/cpp/minarea.cpp
-- Installing: /usr/local/share/OpenCV/samples/cpp/logistic_regression.cpp
-- Installing: /usr/local/share/OpenCV/samples/cpp/openni_capture.cpp
-- Installing: /usr/local/share/OpenCV/samples/cpp/shape_example.cpp
-- Installing: /usr/local/share/OpenCV/samples/cpp/tree_engine.cpp
-- Installing: /usr/local/share/OpenCV/samples/cpp/filestorage.cpp
-- Installing: /usr/local/share/OpenCV/samples/cpp/distrans.cpp
-- Installing: /usr/local/share/OpenCV/samples/cpp/create_mask.cpp
-- Installing: /usr/local/share/OpenCV/samples/cpp/kalman.cpp
-- Installing: /usr/local/share/OpenCV/samples/cpp/peopledetect.cpp
-- Installing: /usr/local/share/OpenCV/samples/cpp/camshiftdemo.cpp
-- Installing: /usr/local/share/OpenCV/samples/cpp/calibration.cpp
-- Installing: /usr/local/share/OpenCV/samples/cpp/dft.cpp
-- Installing: /usr/local/share/OpenCV/samples/cpp/facial_features.cpp
-- Installing: /usr/local/share/OpenCV/samples/cpp/smiledetect.cpp
-- Installing: /usr/local/share/OpenCV/samples/cpp/fback.cpp
-- Installing: /usr/local/share/OpenCV/samples/cpp/intelperc_capture.cpp
-- Installing: /usr/local/share/OpenCV/samples/cpp/lkdemo.cpp
-- Installing: /usr/local/share/OpenCV/samples/cpp/connected_components.cpp
-- Installing: /usr/local/share/OpenCV/samples/cpp/kmeans.cpp
-- Installing: /usr/local/share/OpenCV/samples/cpp/ffilldemo.cpp
-- Installing: /usr/local/share/OpenCV/samples/cpp/videocapture_starter.cpp
-- Installing: /usr/local/share/OpenCV/samples/cpp/points_classifier.cpp
-- Installing: /usr/local/share/OpenCV/samples/cpp/autofocus.cpp
-- Installing: /usr/local/share/OpenCV/samples/cpp/videocapture_camera.cpp
-- Installing: /usr/local/share/OpenCV/samples/cpp/3calibration.cpp
-- Installing: /usr/local/share/OpenCV/samples/cpp/cloning_demo.cpp
-- Installing: /usr/local/share/OpenCV/samples/cpp/videowriter_basic.cpp
-- Installing: /usr/local/share/OpenCV/samples/cpp/inpaint.cpp
-- Installing: /usr/local/share/OpenCV/samples/cpp/fitellipse.cpp
-- Installing: /usr/local/share/OpenCV/samples/cpp/select3dobj.cpp
-- Installing: /usr/local/share/OpenCV/samples/cpp/image.cpp
-- Installing: /usr/local/share/OpenCV/samples/cpp/detect_blob.cpp
-- Installing: /usr/local/share/OpenCV/samples/cpp/lsd_lines.cpp
-- Installing: /usr/local/share/OpenCV/samples/cpp/bgfg_segm.cpp
-- Installing: /usr/local/share/OpenCV/samples/cpp/facedetect.cpp
-- Installing: /usr/local/share/OpenCV/samples/cpp/stereo_match.cpp
-- Installing: /usr/local/share/OpenCV/samples/cpp/videocapture_basic.cpp
-- Installing: /usr/local/share/OpenCV/samples/cpp/falsecolor.cpp
-- Installing: /usr/local/share/OpenCV/samples/cpp/stereo_calib.cpp
-- Installing: /usr/local/share/OpenCV/samples/cpp/pca.cpp
-- Installing: /usr/local/share/OpenCV/samples/cpp/cloning_gui.cpp
-- Installing: /usr/local/share/OpenCV/samples/cpp/dbt_face_detection.cpp
-- Installing: /usr/local/share/OpenCV/samples/cpp/letter_recog.cpp
-- Installing: /usr/local/share/OpenCV/samples/cpp/application_trace.cpp
-- Installing: /usr/local/share/OpenCV/samples/cpp/stitching.cpp
-- Installing: /usr/local/share/OpenCV/samples/cpp/train_svmsgd.cpp
-- Installing: /usr/local/share/OpenCV/samples/cpp/stitching_detailed.cpp
-- Installing: /usr/local/share/OpenCV/samples/cpp/watershed.cpp
-- Installing: /usr/local/share/OpenCV/samples/cpp/imagelist_creator.cpp
-- Installing: /usr/local/share/OpenCV/samples/cpp/grabcut.cpp
-- Installing: /usr/local/share/OpenCV/samples/cpp/contours2.cpp
-- Installing: /usr/local/share/OpenCV/samples/cpp/neural_network.cpp
-- Installing: /usr/local/share/OpenCV/samples/cpp/gstreamer_pipeline.cpp
-- Installing: /usr/local/share/OpenCV/samples/cpp/segment_objects.cpp
-- Installing: /usr/local/share/OpenCV/samples/cpp/image_sequence.cpp
-- Installing: /usr/local/share/OpenCV/samples/cpp/squares.cpp
-- Installing: /usr/local/share/OpenCV/samples/cpp/polar_transforms.cpp
-- Installing: /usr/local/share/OpenCV/samples/cpp/warpPerspective_demo.cpp
-- Installing: /usr/local/share/OpenCV/samples/cpp/train_HOG.cpp
-- Installing: /usr/local/share/OpenCV/samples/cpp/em.cpp
-- Installing: /usr/local/share/OpenCV/samples/cpp/detect_mser.cpp
-- Installing: /usr/local/share/OpenCV/samples/cpp/demhist.cpp
-- Installing: /usr/local/share/OpenCV/samples/cpp/mask_tmpl.cpp
-- Installing: /usr/local/share/OpenCV/samples/cpp/drawing.cpp
-- Installing: /usr/local/share/OpenCV/samples/cpp/matchmethod_orb_akaze_brisk.cpp
-- Installing: /usr/local/share/OpenCV/samples/cpp/tvl1_optical_flow.cpp
-- Installing: /usr/local/share/OpenCV/samples/cpp/delaunay2.cpp
-- Installing: /usr/local/share/OpenCV/samples/cpp/laplace.cpp
-- Installing: /usr/local/share/OpenCV/samples/cpp/travelsalesman.cpp
-- Installing: /usr/local/share/OpenCV/samples/cpp/cout_mat.cpp
-- Installing: /usr/local/share/OpenCV/samples/cpp/image_alignment.cpp
-- Installing: /usr/local/share/OpenCV/samples/cpp/edge.cpp
-- Installing: /usr/local/share/OpenCV/samples/cpp/CMakeLists.txt
-- Installing: /usr/local/share/OpenCV/samples/dnn/segmentation.cpp
-- Installing: /usr/local/share/OpenCV/samples/dnn/text_detection.cpp
-- Installing: /usr/local/share/OpenCV/samples/dnn/openpose.cpp
-- Installing: /usr/local/share/OpenCV/samples/dnn/object_detection.cpp
-- Installing: /usr/local/share/OpenCV/samples/dnn/colorization.cpp
-- Installing: /usr/local/share/OpenCV/samples/dnn/classification.cpp
-- Installing: /usr/local/share/OpenCV/samples/dnn/custom_layers.hpp
-- Installing: /usr/local/share/OpenCV/samples/dnn/CMakeLists.txt
-- Installing: /usr/local/share/OpenCV/samples/gpu/surf_keypoint_matcher.cpp
-- Installing: /usr/local/share/OpenCV/samples/gpu/optical_flow.cpp
-- Installing: /usr/local/share/OpenCV/samples/gpu/cascadeclassifier.cpp
-- Installing: /usr/local/share/OpenCV/samples/gpu/opticalflow_nvidia_api.cpp
-- Installing: /usr/local/share/OpenCV/samples/gpu/video_writer.cpp
-- Installing: /usr/local/share/OpenCV/samples/gpu/alpha_comp.cpp
-- Installing: /usr/local/share/OpenCV/samples/gpu/super_resolution.cpp
-- Installing: /usr/local/share/OpenCV/samples/gpu/opengl.cpp
-- Installing: /usr/local/share/OpenCV/samples/gpu/cascadeclassifier_nvidia_api.cpp
-- Installing: /usr/local/share/OpenCV/samples/gpu/hog.cpp
-- Installing: /usr/local/share/OpenCV/samples/gpu/morphology.cpp
-- Installing: /usr/local/share/OpenCV/samples/gpu/generalized_hough.cpp
-- Installing: /usr/local/share/OpenCV/samples/gpu/pyrlk_optical_flow.cpp
-- Installing: /usr/local/share/OpenCV/samples/gpu/bgfg_segm.cpp
-- Installing: /usr/local/share/OpenCV/samples/gpu/stereo_match.cpp
-- Installing: /usr/local/share/OpenCV/samples/gpu/video_reader.cpp
-- Installing: /usr/local/share/OpenCV/samples/gpu/stereo_multi.cpp
-- Installing: /usr/local/share/OpenCV/samples/gpu/houghlines.cpp
-- Installing: /usr/local/share/OpenCV/samples/gpu/multi.cpp
-- Installing: /usr/local/share/OpenCV/samples/gpu/farneback_optical_flow.cpp
-- Installing: /usr/local/share/OpenCV/samples/gpu/CMakeLists.txt
-- Installing: /usr/local/share/OpenCV/samples/tapi/dense_optical_flow.cpp
-- Installing: /usr/local/share/OpenCV/samples/tapi/opencl_custom_kernel.cpp
-- Installing: /usr/local/share/OpenCV/samples/tapi/clahe.cpp
-- Installing: /usr/local/share/OpenCV/samples/tapi/hog.cpp
-- Installing: /usr/local/share/OpenCV/samples/tapi/pyrlk_optical_flow.cpp
-- Installing: /usr/local/share/OpenCV/samples/tapi/bgfg_segm.cpp
-- Installing: /usr/local/share/OpenCV/samples/tapi/squares.cpp
-- Installing: /usr/local/share/OpenCV/samples/tapi/ufacedetect.cpp
-- Installing: /usr/local/share/OpenCV/samples/tapi/camshift.cpp
-- Installing: /usr/local/share/OpenCV/samples/tapi/CMakeLists.txt
-- Installing: /usr/local/share/OpenCV/samples/opencl/opencl-opencv-interop.cpp
-- Installing: /usr/local/share/OpenCV/samples/opencl/CMakeLists.txt
-- Installing: /usr/local/share/OpenCV/samples/opengl/opengl_interop.cpp
-- Installing: /usr/local/share/OpenCV/samples/opengl/winapp.hpp
-- Installing: /usr/local/share/OpenCV/samples/opengl/CMakeLists.txt
-- Installing: /usr/local/share/OpenCV/samples/python/mouse_and_match.py
-- Installing: /usr/local/share/OpenCV/samples/python/opencv_version.py
-- Installing: /usr/local/share/OpenCV/samples/python/gabor_threads.py
-- Installing: /usr/local/share/OpenCV/samples/python/camshift.py
-- Installing: /usr/local/share/OpenCV/samples/python/inpaint.py
-- Installing: /usr/local/share/OpenCV/samples/python/facedetect.py
-- Installing: /usr/local/share/OpenCV/samples/python/_doc.py
-- Installing: /usr/local/share/OpenCV/samples/python/morphology.py
-- Installing: /usr/local/share/OpenCV/samples/python/lappyr.py
-- Installing: /usr/local/share/OpenCV/samples/python/peopledetect.py
-- Installing: /usr/local/share/OpenCV/samples/python/logpolar.py
-- Installing: /usr/local/share/OpenCV/samples/python/letter_recog.py
-- Installing: /usr/local/share/OpenCV/samples/python/video.py
-- Installing: /usr/local/share/OpenCV/samples/python/edge.py
-- Installing: /usr/local/share/OpenCV/samples/python/kalman.py
-- Installing: /usr/local/share/OpenCV/samples/python/demo.py
-- Installing: /usr/local/share/OpenCV/samples/python/color_histogram.py
-- Installing: /usr/local/share/OpenCV/samples/python/deconvolution.py
-- Installing: /usr/local/share/OpenCV/samples/python/gaussian_mix.py
-- Installing: /usr/local/share/OpenCV/samples/python/hist.py
-- Installing: /usr/local/share/OpenCV/samples/python/distrans.py
-- Installing: /usr/local/share/OpenCV/samples/python/turing.py
-- Installing: /usr/local/share/OpenCV/samples/python/stereo_match.py
-- Installing: /usr/local/share/OpenCV/samples/python/video_threaded.py
-- Installing: /usr/local/share/OpenCV/samples/python/mser.py
-- Installing: /usr/local/share/OpenCV/samples/python/floodfill.py
-- Installing: /usr/local/share/OpenCV/samples/python/plane_tracker.py
-- Installing: /usr/local/share/OpenCV/samples/python/lk_homography.py
-- Installing: /usr/local/share/OpenCV/samples/python/opt_flow.py
-- Installing: /usr/local/share/OpenCV/samples/python/asift.py
-- Installing: /usr/local/share/OpenCV/samples/python/_coverage.py
-- Installing: /usr/local/share/OpenCV/samples/python/digits_video.py
-- Installing: /usr/local/share/OpenCV/samples/python/find_obj.py
-- Installing: /usr/local/share/OpenCV/samples/python/houghcircles.py
-- Installing: /usr/local/share/OpenCV/samples/python/plane_ar.py
-- Installing: /usr/local/share/OpenCV/samples/python/fitline.py
-- Installing: /usr/local/share/OpenCV/samples/python/coherence.py
-- Installing: /usr/local/share/OpenCV/samples/python/squares.py
-- Installing: /usr/local/share/OpenCV/samples/python/texture_flow.py
-- Installing: /usr/local/share/OpenCV/samples/python/contours.py
-- Installing: /usr/local/share/OpenCV/samples/python/tst_scene_render.py
-- Installing: /usr/local/share/OpenCV/samples/python/mosse.py
-- Installing: /usr/local/share/OpenCV/samples/python/lk_track.py
-- Installing: /usr/local/share/OpenCV/samples/python/common.py
-- Installing: /usr/local/share/OpenCV/samples/python/grabcut.py
-- Installing: /usr/local/share/OpenCV/samples/python/calibrate.py
-- Installing: /usr/local/share/OpenCV/samples/python/feature_homography.py
-- Installing: /usr/local/share/OpenCV/samples/python/watershed.py
-- Installing: /usr/local/share/OpenCV/samples/python/video_v4l2.py
-- Installing: /usr/local/share/OpenCV/samples/python/digits_adjust.py
-- Installing: /usr/local/share/OpenCV/samples/python/browse.py
-- Installing: /usr/local/share/OpenCV/samples/python/kmeans.py
-- Installing: /usr/local/share/OpenCV/samples/python/dft.py
-- Installing: /usr/local/share/OpenCV/samples/python/digits.py
-- Installing: /usr/local/share/OpenCV/samples/python/houghlines.py
-- Installing: /usr/local/share/OpenCV/samples/python/camera_calibration_show_extrinsics.py
